22:31:53.213 [main] INFO  com.goveca.DemoApplication - Starting DemoApplication on CTPLLT037.local with PID 70377 (/Users/abhishek.patyal/cointribe/work/demo/target/classes started by abhishek.patyal in /Users/abhishek.patyal/cointribe/work/demo)
22:31:53.213 [main] INFO  com.goveca.DemoApplication - Starting DemoApplication on CTPLLT037.local with PID 70377 (/Users/abhishek.patyal/cointribe/work/demo/target/classes started by abhishek.patyal in /Users/abhishek.patyal/cointribe/work/demo)
22:31:53.215 [main] INFO  com.goveca.DemoApplication - No active profile set, falling back to default profiles: default
22:31:53.215 [main] INFO  com.goveca.DemoApplication - No active profile set, falling back to default profiles: default
22:31:53.298 [main] INFO  o.s.b.c.e.AnnotationConfigEmbeddedWebApplicationContext - Refreshing org.springframework.boot.context.embedded.AnnotationConfigEmbeddedWebApplicationContext@59ddd599: startup date [Tue May 09 22:31:53 IST 2017]; root of context hierarchy
22:31:53.725 [background-preinit] INFO  o.h.validator.internal.util.Version - HV000001: Hibernate Validator 5.3.5.Final
22:31:54.403 [main] INFO  o.s.b.f.s.DefaultListableBeanFactory - Overriding bean definition for bean 'mongo' with a different definition: replacing [Root bean: class [null]; scope=; abstract=false; lazyInit=false; autowireMode=3; dependencyCheck=0; autowireCandidate=true; primary=false; factoryBeanName=mongoConfig; factoryMethodName=mongo; initMethodName=null; destroyMethodName=(inferred); defined in class path resource [com/goveca/configuration/MongoConfig.class]] with [Root bean: class [null]; scope=; abstract=false; lazyInit=false; autowireMode=3; dependencyCheck=0; autowireCandidate=true; primary=false; factoryBeanName=org.springframework.boot.autoconfigure.mongo.MongoAutoConfiguration; factoryMethodName=mongo; initMethodName=null; destroyMethodName=(inferred); defined in class path resource [org/springframework/boot/autoconfigure/mongo/MongoAutoConfiguration.class]]
22:31:55.747 [main] INFO  o.s.b.c.e.t.TomcatEmbeddedServletContainer - Tomcat initialized with port(s): 8080 (http)
22:31:55.762 [main] INFO  o.a.catalina.core.StandardService - Starting service Tomcat
22:31:55.764 [main] INFO  o.a.catalina.core.StandardEngine - Starting Servlet Engine: Apache Tomcat/8.5.14
22:31:55.904 [localhost-startStop-1] INFO  o.a.c.c.C.[Tomcat].[localhost].[/] - Initializing Spring embedded WebApplicationContext
22:31:55.904 [localhost-startStop-1] INFO  o.s.web.context.ContextLoader - Root WebApplicationContext: initialization completed in 2606 ms
22:31:56.184 [localhost-startStop-1] INFO  o.s.b.w.s.ServletRegistrationBean - Mapping servlet: 'dispatcherServlet' to [/]
22:31:56.192 [localhost-startStop-1] INFO  o.s.b.w.s.FilterRegistrationBean - Mapping filter: 'metricsFilter' to: [/*]
22:31:56.192 [localhost-startStop-1] INFO  o.s.b.w.s.FilterRegistrationBean - Mapping filter: 'characterEncodingFilter' to: [/*]
22:31:56.192 [localhost-startStop-1] INFO  o.s.b.w.s.FilterRegistrationBean - Mapping filter: 'hiddenHttpMethodFilter' to: [/*]
22:31:56.193 [localhost-startStop-1] INFO  o.s.b.w.s.FilterRegistrationBean - Mapping filter: 'httpPutFormContentFilter' to: [/*]
22:31:56.193 [localhost-startStop-1] INFO  o.s.b.w.s.FilterRegistrationBean - Mapping filter: 'requestContextFilter' to: [/*]
22:31:56.193 [localhost-startStop-1] INFO  o.s.b.w.s.FilterRegistrationBean - Mapping filter: 'webRequestLoggingFilter' to: [/*]
22:31:56.193 [localhost-startStop-1] INFO  o.s.b.w.s.FilterRegistrationBean - Mapping filter: 'applicationContextIdFilter' to: [/*]
22:31:56.598 [main] INFO  org.mongodb.driver.cluster - Cluster created with settings {hosts=[localhost:27017], mode=SINGLE, requiredClusterType=UNKNOWN, serverSelectionTimeout='30000 ms', maxWaitQueueSize=500}
22:31:56.693 [cluster-ClusterId{value='5911f604762c1d12e9b0fe9e', description='null'}-localhost:27017] INFO  org.mongodb.driver.connection - Opened connection [connectionId{localValue:1, serverValue:14}] to localhost:27017
22:31:56.696 [cluster-ClusterId{value='5911f604762c1d12e9b0fe9e', description='null'}-localhost:27017] INFO  org.mongodb.driver.cluster - Monitor thread successfully connected to server with description ServerDescription{address=localhost:27017, type=STANDALONE, state=CONNECTED, ok=true, version=ServerVersion{versionList=[3, 0, 7]}, minWireVersion=0, maxWireVersion=3, maxDocumentSize=16777216, roundTripTimeNanos=736430}
22:31:57.544 [main] INFO  o.s.w.s.m.m.a.RequestMappingHandlerAdapter - Looking for @ControllerAdvice: org.springframework.boot.context.embedded.AnnotationConfigEmbeddedWebApplicationContext@59ddd599: startup date [Tue May 09 22:31:53 IST 2017]; root of context hierarchy
22:31:57.685 [main] INFO  o.s.w.s.m.m.a.RequestMappingHandlerMapping - Mapped "{[/registerFirm],methods=[POST]}" onto public java.lang.String com.goveca.controller.AccountController.insertNewClient(com.goveca.dto.Account)
22:31:57.690 [main] INFO  o.s.w.s.m.m.a.RequestMappingHandlerMapping - Mapped "{[/error]}" onto public org.springframework.http.ResponseEntity<java.util.Map<java.lang.String, java.lang.Object>> org.springframework.boot.autoconfigure.web.BasicErrorController.error(javax.servlet.http.HttpServletRequest)
22:31:57.690 [main] INFO  o.s.w.s.m.m.a.RequestMappingHandlerMapping - Mapped "{[/error],produces=[text/html]}" onto public org.springframework.web.servlet.ModelAndView org.springframework.boot.autoconfigure.web.BasicErrorController.errorHtml(javax.servlet.http.HttpServletRequest,javax.servlet.http.HttpServletResponse)
22:31:57.746 [main] INFO  o.s.w.s.h.SimpleUrlHandlerMapping - Mapped URL path [/webjars/**] onto handler of type [class org.springframework.web.servlet.resource.ResourceHttpRequestHandler]
22:31:57.746 [main] INFO  o.s.w.s.h.SimpleUrlHandlerMapping - Mapped URL path [/**] onto handler of type [class org.springframework.web.servlet.resource.ResourceHttpRequestHandler]
22:31:57.819 [main] INFO  o.s.w.s.h.SimpleUrlHandlerMapping - Mapped URL path [/**/favicon.ico] onto handler of type [class org.springframework.web.servlet.resource.ResourceHttpRequestHandler]
22:31:58.288 [main] INFO  o.s.b.a.e.mvc.EndpointHandlerMapping - Mapped "{[/heapdump || /heapdump.json],methods=[GET],produces=[application/octet-stream]}" onto public void org.springframework.boot.actuate.endpoint.mvc.HeapdumpMvcEndpoint.invoke(boolean,javax.servlet.http.HttpServletRequest,javax.servlet.http.HttpServletResponse) throws java.io.IOException,javax.servlet.ServletException
22:31:58.290 [main] INFO  o.s.b.a.e.mvc.EndpointHandlerMapping - Mapped "{[/dump || /dump.json],methods=[GET],produces=[application/vnd.spring-boot.actuator.v1+json || application/json]}" onto public java.lang.Object org.springframework.boot.actuate.endpoint.mvc.EndpointMvcAdapter.invoke()
22:31:58.290 [main] INFO  o.s.b.a.e.mvc.EndpointHandlerMapping - Mapped "{[/trace || /trace.json],methods=[GET],produces=[application/vnd.spring-boot.actuator.v1+json || application/json]}" onto public java.lang.Object org.springframework.boot.actuate.endpoint.mvc.EndpointMvcAdapter.invoke()
22:31:58.291 [main] INFO  o.s.b.a.e.mvc.EndpointHandlerMapping - Mapped "{[/configprops || /configprops.json],methods=[GET],produces=[application/vnd.spring-boot.actuator.v1+json || application/json]}" onto public java.lang.Object org.springframework.boot.actuate.endpoint.mvc.EndpointMvcAdapter.invoke()
22:31:58.292 [main] INFO  o.s.b.a.e.mvc.EndpointHandlerMapping - Mapped "{[/beans || /beans.json],methods=[GET],produces=[application/vnd.spring-boot.actuator.v1+json || application/json]}" onto public java.lang.Object org.springframework.boot.actuate.endpoint.mvc.EndpointMvcAdapter.invoke()
22:31:58.294 [main] INFO  o.s.b.a.e.mvc.EndpointHandlerMapping - Mapped "{[/env/{name:.*}],methods=[GET],produces=[application/vnd.spring-boot.actuator.v1+json || application/json]}" onto public java.lang.Object org.springframework.boot.actuate.endpoint.mvc.EnvironmentMvcEndpoint.value(java.lang.String)
22:31:58.294 [main] INFO  o.s.b.a.e.mvc.EndpointHandlerMapping - Mapped "{[/env || /env.json],methods=[GET],produces=[application/vnd.spring-boot.actuator.v1+json || application/json]}" onto public java.lang.Object org.springframework.boot.actuate.endpoint.mvc.EndpointMvcAdapter.invoke()
22:31:58.297 [main] INFO  o.s.b.a.e.mvc.EndpointHandlerMapping - Mapped "{[/metrics/{name:.*}],methods=[GET],produces=[application/vnd.spring-boot.actuator.v1+json || application/json]}" onto public java.lang.Object org.springframework.boot.actuate.endpoint.mvc.MetricsMvcEndpoint.value(java.lang.String)
22:31:58.297 [main] INFO  o.s.b.a.e.mvc.EndpointHandlerMapping - Mapped "{[/metrics || /metrics.json],methods=[GET],produces=[application/vnd.spring-boot.actuator.v1+json || application/json]}" onto public java.lang.Object org.springframework.boot.actuate.endpoint.mvc.EndpointMvcAdapter.invoke()
22:31:58.300 [main] INFO  o.s.b.a.e.mvc.EndpointHandlerMapping - Mapped "{[/loggers/{name:.*}],methods=[GET],produces=[application/vnd.spring-boot.actuator.v1+json || application/json]}" onto public java.lang.Object org.springframework.boot.actuate.endpoint.mvc.LoggersMvcEndpoint.get(java.lang.String)
22:31:58.300 [main] INFO  o.s.b.a.e.mvc.EndpointHandlerMapping - Mapped "{[/loggers/{name:.*}],methods=[POST],consumes=[application/vnd.spring-boot.actuator.v1+json || application/json],produces=[application/vnd.spring-boot.actuator.v1+json || application/json]}" onto public java.lang.Object org.springframework.boot.actuate.endpoint.mvc.LoggersMvcEndpoint.set(java.lang.String,java.util.Map<java.lang.String, java.lang.String>)
22:31:58.300 [main] INFO  o.s.b.a.e.mvc.EndpointHandlerMapping - Mapped "{[/loggers || /loggers.json],methods=[GET],produces=[application/vnd.spring-boot.actuator.v1+json || application/json]}" onto public java.lang.Object org.springframework.boot.actuate.endpoint.mvc.EndpointMvcAdapter.invoke()
22:31:58.301 [main] INFO  o.s.b.a.e.mvc.EndpointHandlerMapping - Mapped "{[/mappings || /mappings.json],methods=[GET],produces=[application/vnd.spring-boot.actuator.v1+json || application/json]}" onto public java.lang.Object org.springframework.boot.actuate.endpoint.mvc.EndpointMvcAdapter.invoke()
22:31:58.302 [main] INFO  o.s.b.a.e.mvc.EndpointHandlerMapping - Mapped "{[/health || /health.json],methods=[GET],produces=[application/vnd.spring-boot.actuator.v1+json || application/json]}" onto public java.lang.Object org.springframework.boot.actuate.endpoint.mvc.HealthMvcEndpoint.invoke(javax.servlet.http.HttpServletRequest,java.security.Principal)
22:31:58.303 [main] INFO  o.s.b.a.e.mvc.EndpointHandlerMapping - Mapped "{[/info || /info.json],methods=[GET],produces=[application/vnd.spring-boot.actuator.v1+json || application/json]}" onto public java.lang.Object org.springframework.boot.actuate.endpoint.mvc.EndpointMvcAdapter.invoke()
22:31:58.304 [main] INFO  o.s.b.a.e.mvc.EndpointHandlerMapping - Mapped "{[/auditevents || /auditevents.json],methods=[GET],produces=[application/vnd.spring-boot.actuator.v1+json || application/json]}" onto public org.springframework.http.ResponseEntity<?> org.springframework.boot.actuate.endpoint.mvc.AuditEventsMvcEndpoint.findByPrincipalAndAfterAndType(java.lang.String,java.util.Date,java.lang.String)
22:31:58.305 [main] INFO  o.s.b.a.e.mvc.EndpointHandlerMapping - Mapped "{[/autoconfig || /autoconfig.json],methods=[GET],produces=[application/vnd.spring-boot.actuator.v1+json || application/json]}" onto public java.lang.Object org.springframework.boot.actuate.endpoint.mvc.EndpointMvcAdapter.invoke()
22:31:58.494 [main] INFO  o.s.j.e.a.AnnotationMBeanExporter - Registering beans for JMX exposure on startup
22:31:58.500 [main] INFO  o.s.b.a.e.jmx.EndpointMBeanExporter - Registering beans for JMX exposure on startup
22:31:58.508 [main] INFO  o.s.c.s.DefaultLifecycleProcessor - Starting beans in phase 0
22:31:58.510 [main] INFO  o.s.b.a.e.jmx.EndpointMBeanExporter - Located managed bean 'auditEventsEndpoint': registering with JMX server as MBean [org.springframework.boot:type=Endpoint,name=auditEventsEndpoint]
22:31:58.525 [main] INFO  o.s.b.a.e.jmx.EndpointMBeanExporter - Located managed bean 'requestMappingEndpoint': registering with JMX server as MBean [org.springframework.boot:type=Endpoint,name=requestMappingEndpoint]
22:31:58.538 [main] INFO  o.s.b.a.e.jmx.EndpointMBeanExporter - Located managed bean 'environmentEndpoint': registering with JMX server as MBean [org.springframework.boot:type=Endpoint,name=environmentEndpoint]
22:31:58.543 [main] INFO  o.s.b.a.e.jmx.EndpointMBeanExporter - Located managed bean 'healthEndpoint': registering with JMX server as MBean [org.springframework.boot:type=Endpoint,name=healthEndpoint]
22:31:58.548 [main] INFO  o.s.b.a.e.jmx.EndpointMBeanExporter - Located managed bean 'beansEndpoint': registering with JMX server as MBean [org.springframework.boot:type=Endpoint,name=beansEndpoint]
22:31:58.552 [main] INFO  o.s.b.a.e.jmx.EndpointMBeanExporter - Located managed bean 'infoEndpoint': registering with JMX server as MBean [org.springframework.boot:type=Endpoint,name=infoEndpoint]
22:31:58.555 [main] INFO  o.s.b.a.e.jmx.EndpointMBeanExporter - Located managed bean 'loggersEndpoint': registering with JMX server as MBean [org.springframework.boot:type=Endpoint,name=loggersEndpoint]
22:31:58.560 [main] INFO  o.s.b.a.e.jmx.EndpointMBeanExporter - Located managed bean 'metricsEndpoint': registering with JMX server as MBean [org.springframework.boot:type=Endpoint,name=metricsEndpoint]
22:31:58.566 [main] INFO  o.s.b.a.e.jmx.EndpointMBeanExporter - Located managed bean 'traceEndpoint': registering with JMX server as MBean [org.springframework.boot:type=Endpoint,name=traceEndpoint]
22:31:58.569 [main] INFO  o.s.b.a.e.jmx.EndpointMBeanExporter - Located managed bean 'dumpEndpoint': registering with JMX server as MBean [org.springframework.boot:type=Endpoint,name=dumpEndpoint]
22:31:58.573 [main] INFO  o.s.b.a.e.jmx.EndpointMBeanExporter - Located managed bean 'autoConfigurationReportEndpoint': registering with JMX server as MBean [org.springframework.boot:type=Endpoint,name=autoConfigurationReportEndpoint]
22:31:58.575 [main] INFO  o.s.b.a.e.jmx.EndpointMBeanExporter - Located managed bean 'configurationPropertiesReportEndpoint': registering with JMX server as MBean [org.springframework.boot:type=Endpoint,name=configurationPropertiesReportEndpoint]
22:31:58.597 [main] INFO  o.a.coyote.http11.Http11NioProtocol - Initializing ProtocolHandler ["http-nio-8080"]
22:31:58.618 [main] INFO  o.a.coyote.http11.Http11NioProtocol - Starting ProtocolHandler ["http-nio-8080"]
22:31:58.630 [main] INFO  o.a.tomcat.util.net.NioSelectorPool - Using a shared selector for servlet write/read
22:31:58.666 [main] INFO  o.s.b.c.e.t.TomcatEmbeddedServletContainer - Tomcat started on port(s): 8080 (http)
22:31:58.677 [main] INFO  com.goveca.DemoApplication - Started DemoApplication in 6.505 seconds (JVM running for 11.218)
22:31:58.677 [main] INFO  com.goveca.DemoApplication - Started DemoApplication in 6.505 seconds (JVM running for 11.218)
22:32:04.949 [http-nio-8080-exec-1] INFO  o.a.c.c.C.[Tomcat].[localhost].[/] - Initializing Spring FrameworkServlet 'dispatcherServlet'
22:32:04.949 [http-nio-8080-exec-1] INFO  o.s.web.servlet.DispatcherServlet - FrameworkServlet 'dispatcherServlet': initialization started
22:32:04.969 [http-nio-8080-exec-1] INFO  o.s.web.servlet.DispatcherServlet - FrameworkServlet 'dispatcherServlet': initialization completed in 20 ms
22:32:16.485 [Thread-4] INFO  o.s.b.c.e.AnnotationConfigEmbeddedWebApplicationContext - Closing org.springframework.boot.context.embedded.AnnotationConfigEmbeddedWebApplicationContext@59ddd599: startup date [Tue May 09 22:31:53 IST 2017]; root of context hierarchy
22:32:16.487 [Thread-4] INFO  o.s.c.s.DefaultLifecycleProcessor - Stopping beans in phase 0
22:32:16.489 [Thread-4] INFO  o.s.b.a.e.jmx.EndpointMBeanExporter - Unregistering JMX-exposed beans on shutdown
22:32:16.490 [Thread-4] INFO  o.s.b.a.e.jmx.EndpointMBeanExporter - Unregistering JMX-exposed beans
22:32:16.490 [Thread-4] INFO  o.s.j.e.a.AnnotationMBeanExporter - Unregistering JMX-exposed beans on shutdown
22:34:02.816 [main] INFO  com.goveca.DemoApplication - Starting DemoApplication on CTPLLT037.local with PID 70379 (/Users/abhishek.patyal/cointribe/work/demo/target/classes started by abhishek.patyal in /Users/abhishek.patyal/cointribe/work/demo)
22:34:02.816 [main] INFO  com.goveca.DemoApplication - Starting DemoApplication on CTPLLT037.local with PID 70379 (/Users/abhishek.patyal/cointribe/work/demo/target/classes started by abhishek.patyal in /Users/abhishek.patyal/cointribe/work/demo)
22:34:02.822 [main] INFO  com.goveca.DemoApplication - No active profile set, falling back to default profiles: default
22:34:02.822 [main] INFO  com.goveca.DemoApplication - No active profile set, falling back to default profiles: default
22:34:02.916 [main] INFO  o.s.b.c.e.AnnotationConfigEmbeddedWebApplicationContext - Refreshing org.springframework.boot.context.embedded.AnnotationConfigEmbeddedWebApplicationContext@4a06a4d0: startup date [Tue May 09 22:34:02 IST 2017]; root of context hierarchy
22:34:03.762 [background-preinit] INFO  o.h.validator.internal.util.Version - HV000001: Hibernate Validator 5.3.5.Final
22:34:04.654 [main] INFO  o.s.b.f.s.DefaultListableBeanFactory - Overriding bean definition for bean 'mongo' with a different definition: replacing [Root bean: class [null]; scope=; abstract=false; lazyInit=false; autowireMode=3; dependencyCheck=0; autowireCandidate=true; primary=false; factoryBeanName=mongoConfig; factoryMethodName=mongo; initMethodName=null; destroyMethodName=(inferred); defined in class path resource [com/goveca/configuration/MongoConfig.class]] with [Root bean: class [null]; scope=; abstract=false; lazyInit=false; autowireMode=3; dependencyCheck=0; autowireCandidate=true; primary=false; factoryBeanName=org.springframework.boot.autoconfigure.mongo.MongoAutoConfiguration; factoryMethodName=mongo; initMethodName=null; destroyMethodName=(inferred); defined in class path resource [org/springframework/boot/autoconfigure/mongo/MongoAutoConfiguration.class]]
22:34:05.969 [main] INFO  o.s.b.c.e.t.TomcatEmbeddedServletContainer - Tomcat initialized with port(s): 8080 (http)
22:34:05.983 [main] INFO  o.a.catalina.core.StandardService - Starting service Tomcat
22:34:05.985 [main] INFO  o.a.catalina.core.StandardEngine - Starting Servlet Engine: Apache Tomcat/8.5.14
22:34:06.125 [localhost-startStop-1] INFO  o.a.c.c.C.[Tomcat].[localhost].[/] - Initializing Spring embedded WebApplicationContext
22:34:06.126 [localhost-startStop-1] INFO  o.s.web.context.ContextLoader - Root WebApplicationContext: initialization completed in 3210 ms
22:34:06.502 [localhost-startStop-1] INFO  o.s.b.w.s.ServletRegistrationBean - Mapping servlet: 'dispatcherServlet' to [/]
22:34:06.509 [localhost-startStop-1] INFO  o.s.b.w.s.FilterRegistrationBean - Mapping filter: 'metricsFilter' to: [/*]
22:34:06.510 [localhost-startStop-1] INFO  o.s.b.w.s.FilterRegistrationBean - Mapping filter: 'characterEncodingFilter' to: [/*]
22:34:06.510 [localhost-startStop-1] INFO  o.s.b.w.s.FilterRegistrationBean - Mapping filter: 'hiddenHttpMethodFilter' to: [/*]
22:34:06.510 [localhost-startStop-1] INFO  o.s.b.w.s.FilterRegistrationBean - Mapping filter: 'httpPutFormContentFilter' to: [/*]
22:34:06.510 [localhost-startStop-1] INFO  o.s.b.w.s.FilterRegistrationBean - Mapping filter: 'requestContextFilter' to: [/*]
22:34:06.510 [localhost-startStop-1] INFO  o.s.b.w.s.FilterRegistrationBean - Mapping filter: 'webRequestLoggingFilter' to: [/*]
22:34:06.511 [localhost-startStop-1] INFO  o.s.b.w.s.FilterRegistrationBean - Mapping filter: 'applicationContextIdFilter' to: [/*]
22:34:06.994 [main] INFO  org.mongodb.driver.cluster - Cluster created with settings {hosts=[localhost:27017], mode=SINGLE, requiredClusterType=UNKNOWN, serverSelectionTimeout='30000 ms', maxWaitQueueSize=500}
22:34:07.130 [cluster-ClusterId{value='5911f686762c1d12ebcea802', description='null'}-localhost:27017] INFO  org.mongodb.driver.connection - Opened connection [connectionId{localValue:1, serverValue:15}] to localhost:27017
22:34:07.134 [cluster-ClusterId{value='5911f686762c1d12ebcea802', description='null'}-localhost:27017] INFO  org.mongodb.driver.cluster - Monitor thread successfully connected to server with description ServerDescription{address=localhost:27017, type=STANDALONE, state=CONNECTED, ok=true, version=ServerVersion{versionList=[3, 0, 7]}, minWireVersion=0, maxWireVersion=3, maxDocumentSize=16777216, roundTripTimeNanos=1670249}
22:34:08.189 [main] INFO  o.s.w.s.m.m.a.RequestMappingHandlerAdapter - Looking for @ControllerAdvice: org.springframework.boot.context.embedded.AnnotationConfigEmbeddedWebApplicationContext@4a06a4d0: startup date [Tue May 09 22:34:02 IST 2017]; root of context hierarchy
22:34:08.333 [main] INFO  o.s.w.s.m.m.a.RequestMappingHandlerMapping - Mapped "{[/registerFirm],methods=[POST]}" onto public java.lang.String com.goveca.controller.AccountController.insertNewClient(com.goveca.dto.Account)
22:34:08.341 [main] INFO  o.s.w.s.m.m.a.RequestMappingHandlerMapping - Mapped "{[/error]}" onto public org.springframework.http.ResponseEntity<java.util.Map<java.lang.String, java.lang.Object>> org.springframework.boot.autoconfigure.web.BasicErrorController.error(javax.servlet.http.HttpServletRequest)
22:34:08.343 [main] INFO  o.s.w.s.m.m.a.RequestMappingHandlerMapping - Mapped "{[/error],produces=[text/html]}" onto public org.springframework.web.servlet.ModelAndView org.springframework.boot.autoconfigure.web.BasicErrorController.errorHtml(javax.servlet.http.HttpServletRequest,javax.servlet.http.HttpServletResponse)
22:34:08.468 [main] INFO  o.s.w.s.h.SimpleUrlHandlerMapping - Mapped URL path [/webjars/**] onto handler of type [class org.springframework.web.servlet.resource.ResourceHttpRequestHandler]
22:34:08.468 [main] INFO  o.s.w.s.h.SimpleUrlHandlerMapping - Mapped URL path [/**] onto handler of type [class org.springframework.web.servlet.resource.ResourceHttpRequestHandler]
22:34:08.551 [main] INFO  o.s.w.s.h.SimpleUrlHandlerMapping - Mapped URL path [/**/favicon.ico] onto handler of type [class org.springframework.web.servlet.resource.ResourceHttpRequestHandler]
22:34:09.180 [main] INFO  o.s.b.a.e.mvc.EndpointHandlerMapping - Mapped "{[/health || /health.json],methods=[GET],produces=[application/vnd.spring-boot.actuator.v1+json || application/json]}" onto public java.lang.Object org.springframework.boot.actuate.endpoint.mvc.HealthMvcEndpoint.invoke(javax.servlet.http.HttpServletRequest,java.security.Principal)
22:34:09.180 [main] INFO  o.s.b.a.e.mvc.EndpointHandlerMapping - Mapped "{[/trace || /trace.json],methods=[GET],produces=[application/vnd.spring-boot.actuator.v1+json || application/json]}" onto public java.lang.Object org.springframework.boot.actuate.endpoint.mvc.EndpointMvcAdapter.invoke()
22:34:09.184 [main] INFO  o.s.b.a.e.mvc.EndpointHandlerMapping - Mapped "{[/loggers/{name:.*}],methods=[GET],produces=[application/vnd.spring-boot.actuator.v1+json || application/json]}" onto public java.lang.Object org.springframework.boot.actuate.endpoint.mvc.LoggersMvcEndpoint.get(java.lang.String)
22:34:09.185 [main] INFO  o.s.b.a.e.mvc.EndpointHandlerMapping - Mapped "{[/loggers/{name:.*}],methods=[POST],consumes=[application/vnd.spring-boot.actuator.v1+json || application/json],produces=[application/vnd.spring-boot.actuator.v1+json || application/json]}" onto public java.lang.Object org.springframework.boot.actuate.endpoint.mvc.LoggersMvcEndpoint.set(java.lang.String,java.util.Map<java.lang.String, java.lang.String>)
22:34:09.186 [main] INFO  o.s.b.a.e.mvc.EndpointHandlerMapping - Mapped "{[/loggers || /loggers.json],methods=[GET],produces=[application/vnd.spring-boot.actuator.v1+json || application/json]}" onto public java.lang.Object org.springframework.boot.actuate.endpoint.mvc.EndpointMvcAdapter.invoke()
22:34:09.187 [main] INFO  o.s.b.a.e.mvc.EndpointHandlerMapping - Mapped "{[/metrics/{name:.*}],methods=[GET],produces=[application/vnd.spring-boot.actuator.v1+json || application/json]}" onto public java.lang.Object org.springframework.boot.actuate.endpoint.mvc.MetricsMvcEndpoint.value(java.lang.String)
22:34:09.187 [main] INFO  o.s.b.a.e.mvc.EndpointHandlerMapping - Mapped "{[/metrics || /metrics.json],methods=[GET],produces=[application/vnd.spring-boot.actuator.v1+json || application/json]}" onto public java.lang.Object org.springframework.boot.actuate.endpoint.mvc.EndpointMvcAdapter.invoke()
22:34:09.190 [main] INFO  o.s.b.a.e.mvc.EndpointHandlerMapping - Mapped "{[/auditevents || /auditevents.json],methods=[GET],produces=[application/vnd.spring-boot.actuator.v1+json || application/json]}" onto public org.springframework.http.ResponseEntity<?> org.springframework.boot.actuate.endpoint.mvc.AuditEventsMvcEndpoint.findByPrincipalAndAfterAndType(java.lang.String,java.util.Date,java.lang.String)
22:34:09.193 [main] INFO  o.s.b.a.e.mvc.EndpointHandlerMapping - Mapped "{[/heapdump || /heapdump.json],methods=[GET],produces=[application/octet-stream]}" onto public void org.springframework.boot.actuate.endpoint.mvc.HeapdumpMvcEndpoint.invoke(boolean,javax.servlet.http.HttpServletRequest,javax.servlet.http.HttpServletResponse) throws java.io.IOException,javax.servlet.ServletException
22:34:09.194 [main] INFO  o.s.b.a.e.mvc.EndpointHandlerMapping - Mapped "{[/autoconfig || /autoconfig.json],methods=[GET],produces=[application/vnd.spring-boot.actuator.v1+json || application/json]}" onto public java.lang.Object org.springframework.boot.actuate.endpoint.mvc.EndpointMvcAdapter.invoke()
22:34:09.196 [main] INFO  o.s.b.a.e.mvc.EndpointHandlerMapping - Mapped "{[/mappings || /mappings.json],methods=[GET],produces=[application/vnd.spring-boot.actuator.v1+json || application/json]}" onto public java.lang.Object org.springframework.boot.actuate.endpoint.mvc.EndpointMvcAdapter.invoke()
22:34:09.201 [main] INFO  o.s.b.a.e.mvc.EndpointHandlerMapping - Mapped "{[/info || /info.json],methods=[GET],produces=[application/vnd.spring-boot.actuator.v1+json || application/json]}" onto public java.lang.Object org.springframework.boot.actuate.endpoint.mvc.EndpointMvcAdapter.invoke()
22:34:09.202 [main] INFO  o.s.b.a.e.mvc.EndpointHandlerMapping - Mapped "{[/configprops || /configprops.json],methods=[GET],produces=[application/vnd.spring-boot.actuator.v1+json || application/json]}" onto public java.lang.Object org.springframework.boot.actuate.endpoint.mvc.EndpointMvcAdapter.invoke()
22:34:09.203 [main] INFO  o.s.b.a.e.mvc.EndpointHandlerMapping - Mapped "{[/env/{name:.*}],methods=[GET],produces=[application/vnd.spring-boot.actuator.v1+json || application/json]}" onto public java.lang.Object org.springframework.boot.actuate.endpoint.mvc.EnvironmentMvcEndpoint.value(java.lang.String)
22:34:09.204 [main] INFO  o.s.b.a.e.mvc.EndpointHandlerMapping - Mapped "{[/env || /env.json],methods=[GET],produces=[application/vnd.spring-boot.actuator.v1+json || application/json]}" onto public java.lang.Object org.springframework.boot.actuate.endpoint.mvc.EndpointMvcAdapter.invoke()
22:34:09.205 [main] INFO  o.s.b.a.e.mvc.EndpointHandlerMapping - Mapped "{[/dump || /dump.json],methods=[GET],produces=[application/vnd.spring-boot.actuator.v1+json || application/json]}" onto public java.lang.Object org.springframework.boot.actuate.endpoint.mvc.EndpointMvcAdapter.invoke()
22:34:09.206 [main] INFO  o.s.b.a.e.mvc.EndpointHandlerMapping - Mapped "{[/beans || /beans.json],methods=[GET],produces=[application/vnd.spring-boot.actuator.v1+json || application/json]}" onto public java.lang.Object org.springframework.boot.actuate.endpoint.mvc.EndpointMvcAdapter.invoke()
22:34:09.705 [main] INFO  o.s.j.e.a.AnnotationMBeanExporter - Registering beans for JMX exposure on startup
22:34:09.713 [main] INFO  o.s.b.a.e.jmx.EndpointMBeanExporter - Registering beans for JMX exposure on startup
22:34:09.718 [main] INFO  o.s.c.s.DefaultLifecycleProcessor - Starting beans in phase 0
22:34:09.721 [main] INFO  o.s.b.a.e.jmx.EndpointMBeanExporter - Located managed bean 'auditEventsEndpoint': registering with JMX server as MBean [org.springframework.boot:type=Endpoint,name=auditEventsEndpoint]
22:34:09.741 [main] INFO  o.s.b.a.e.jmx.EndpointMBeanExporter - Located managed bean 'requestMappingEndpoint': registering with JMX server as MBean [org.springframework.boot:type=Endpoint,name=requestMappingEndpoint]
22:34:09.759 [main] INFO  o.s.b.a.e.jmx.EndpointMBeanExporter - Located managed bean 'environmentEndpoint': registering with JMX server as MBean [org.springframework.boot:type=Endpoint,name=environmentEndpoint]
22:34:09.766 [main] INFO  o.s.b.a.e.jmx.EndpointMBeanExporter - Located managed bean 'healthEndpoint': registering with JMX server as MBean [org.springframework.boot:type=Endpoint,name=healthEndpoint]
22:34:09.770 [main] INFO  o.s.b.a.e.jmx.EndpointMBeanExporter - Located managed bean 'beansEndpoint': registering with JMX server as MBean [org.springframework.boot:type=Endpoint,name=beansEndpoint]
22:34:09.774 [main] INFO  o.s.b.a.e.jmx.EndpointMBeanExporter - Located managed bean 'infoEndpoint': registering with JMX server as MBean [org.springframework.boot:type=Endpoint,name=infoEndpoint]
22:34:09.778 [main] INFO  o.s.b.a.e.jmx.EndpointMBeanExporter - Located managed bean 'loggersEndpoint': registering with JMX server as MBean [org.springframework.boot:type=Endpoint,name=loggersEndpoint]
22:34:09.788 [main] INFO  o.s.b.a.e.jmx.EndpointMBeanExporter - Located managed bean 'metricsEndpoint': registering with JMX server as MBean [org.springframework.boot:type=Endpoint,name=metricsEndpoint]
22:34:09.791 [main] INFO  o.s.b.a.e.jmx.EndpointMBeanExporter - Located managed bean 'traceEndpoint': registering with JMX server as MBean [org.springframework.boot:type=Endpoint,name=traceEndpoint]
22:34:09.795 [main] INFO  o.s.b.a.e.jmx.EndpointMBeanExporter - Located managed bean 'dumpEndpoint': registering with JMX server as MBean [org.springframework.boot:type=Endpoint,name=dumpEndpoint]
22:34:09.798 [main] INFO  o.s.b.a.e.jmx.EndpointMBeanExporter - Located managed bean 'autoConfigurationReportEndpoint': registering with JMX server as MBean [org.springframework.boot:type=Endpoint,name=autoConfigurationReportEndpoint]
22:34:09.801 [main] INFO  o.s.b.a.e.jmx.EndpointMBeanExporter - Located managed bean 'configurationPropertiesReportEndpoint': registering with JMX server as MBean [org.springframework.boot:type=Endpoint,name=configurationPropertiesReportEndpoint]
22:34:09.827 [main] INFO  o.a.coyote.http11.Http11NioProtocol - Initializing ProtocolHandler ["http-nio-8080"]
22:34:09.853 [main] INFO  o.a.coyote.http11.Http11NioProtocol - Starting ProtocolHandler ["http-nio-8080"]
22:34:09.875 [main] INFO  o.a.tomcat.util.net.NioSelectorPool - Using a shared selector for servlet write/read
22:34:09.937 [main] INFO  o.s.b.c.e.t.TomcatEmbeddedServletContainer - Tomcat started on port(s): 8080 (http)
22:34:09.947 [main] INFO  com.goveca.DemoApplication - Started DemoApplication in 8.271 seconds (JVM running for 12.852)
22:34:09.947 [main] INFO  com.goveca.DemoApplication - Started DemoApplication in 8.271 seconds (JVM running for 12.852)
22:34:11.431 [http-nio-8080-exec-1] INFO  o.a.c.c.C.[Tomcat].[localhost].[/] - Initializing Spring FrameworkServlet 'dispatcherServlet'
22:34:11.431 [http-nio-8080-exec-1] INFO  o.s.web.servlet.DispatcherServlet - FrameworkServlet 'dispatcherServlet': initialization started
22:34:11.466 [http-nio-8080-exec-1] INFO  o.s.web.servlet.DispatcherServlet - FrameworkServlet 'dispatcherServlet': initialization completed in 35 ms
22:34:28.240 [http-nio-8080-exec-4] WARN  o.s.web.servlet.PageNotFound - Request method 'GET' not supported
22:34:29.981 [http-nio-8080-exec-5] WARN  o.s.web.servlet.PageNotFound - Request method 'GET' not supported
22:35:09.156 [main] INFO  com.goveca.DemoApplication - Starting DemoApplication on CTPLLT037.local with PID 70381 (/Users/abhishek.patyal/cointribe/work/demo/target/classes started by abhishek.patyal in /Users/abhishek.patyal/cointribe/work/demo)
22:35:09.156 [main] INFO  com.goveca.DemoApplication - Starting DemoApplication on CTPLLT037.local with PID 70381 (/Users/abhishek.patyal/cointribe/work/demo/target/classes started by abhishek.patyal in /Users/abhishek.patyal/cointribe/work/demo)
22:35:09.161 [main] INFO  com.goveca.DemoApplication - No active profile set, falling back to default profiles: default
22:35:09.161 [main] INFO  com.goveca.DemoApplication - No active profile set, falling back to default profiles: default
22:35:09.271 [main] INFO  o.s.b.c.e.AnnotationConfigEmbeddedWebApplicationContext - Refreshing org.springframework.boot.context.embedded.AnnotationConfigEmbeddedWebApplicationContext@255d64a4: startup date [Tue May 09 22:35:09 IST 2017]; root of context hierarchy
22:35:09.832 [background-preinit] INFO  o.h.validator.internal.util.Version - HV000001: Hibernate Validator 5.3.5.Final
22:35:10.582 [main] INFO  o.s.b.f.s.DefaultListableBeanFactory - Overriding bean definition for bean 'mongo' with a different definition: replacing [Root bean: class [null]; scope=; abstract=false; lazyInit=false; autowireMode=3; dependencyCheck=0; autowireCandidate=true; primary=false; factoryBeanName=mongoConfig; factoryMethodName=mongo; initMethodName=null; destroyMethodName=(inferred); defined in class path resource [com/goveca/configuration/MongoConfig.class]] with [Root bean: class [null]; scope=; abstract=false; lazyInit=false; autowireMode=3; dependencyCheck=0; autowireCandidate=true; primary=false; factoryBeanName=org.springframework.boot.autoconfigure.mongo.MongoAutoConfiguration; factoryMethodName=mongo; initMethodName=null; destroyMethodName=(inferred); defined in class path resource [org/springframework/boot/autoconfigure/mongo/MongoAutoConfiguration.class]]
22:35:11.885 [main] INFO  o.s.b.c.e.t.TomcatEmbeddedServletContainer - Tomcat initialized with port(s): 8080 (http)
22:35:11.897 [main] INFO  o.a.catalina.core.StandardService - Starting service Tomcat
22:35:11.898 [main] INFO  o.a.catalina.core.StandardEngine - Starting Servlet Engine: Apache Tomcat/8.5.14
22:35:12.004 [localhost-startStop-1] INFO  o.a.c.c.C.[Tomcat].[localhost].[/] - Initializing Spring embedded WebApplicationContext
22:35:12.005 [localhost-startStop-1] INFO  o.s.web.context.ContextLoader - Root WebApplicationContext: initialization completed in 2735 ms
22:35:12.354 [localhost-startStop-1] INFO  o.s.b.w.s.ServletRegistrationBean - Mapping servlet: 'dispatcherServlet' to [/]
22:35:12.358 [localhost-startStop-1] INFO  o.s.b.w.s.FilterRegistrationBean - Mapping filter: 'metricsFilter' to: [/*]
22:35:12.359 [localhost-startStop-1] INFO  o.s.b.w.s.FilterRegistrationBean - Mapping filter: 'characterEncodingFilter' to: [/*]
22:35:12.359 [localhost-startStop-1] INFO  o.s.b.w.s.FilterRegistrationBean - Mapping filter: 'hiddenHttpMethodFilter' to: [/*]
22:35:12.359 [localhost-startStop-1] INFO  o.s.b.w.s.FilterRegistrationBean - Mapping filter: 'httpPutFormContentFilter' to: [/*]
22:35:12.360 [localhost-startStop-1] INFO  o.s.b.w.s.FilterRegistrationBean - Mapping filter: 'requestContextFilter' to: [/*]
22:35:12.360 [localhost-startStop-1] INFO  o.s.b.w.s.FilterRegistrationBean - Mapping filter: 'webRequestLoggingFilter' to: [/*]
22:35:12.360 [localhost-startStop-1] INFO  o.s.b.w.s.FilterRegistrationBean - Mapping filter: 'applicationContextIdFilter' to: [/*]
22:35:12.887 [main] INFO  org.mongodb.driver.cluster - Cluster created with settings {hosts=[localhost:27017], mode=SINGLE, requiredClusterType=UNKNOWN, serverSelectionTimeout='30000 ms', maxWaitQueueSize=500}
22:35:12.990 [cluster-ClusterId{value='5911f6c8762c1d12edae5bf3', description='null'}-localhost:27017] INFO  org.mongodb.driver.connection - Opened connection [connectionId{localValue:1, serverValue:16}] to localhost:27017
22:35:12.993 [cluster-ClusterId{value='5911f6c8762c1d12edae5bf3', description='null'}-localhost:27017] INFO  org.mongodb.driver.cluster - Monitor thread successfully connected to server with description ServerDescription{address=localhost:27017, type=STANDALONE, state=CONNECTED, ok=true, version=ServerVersion{versionList=[3, 0, 7]}, minWireVersion=0, maxWireVersion=3, maxDocumentSize=16777216, roundTripTimeNanos=1332040}
22:35:13.982 [main] INFO  o.s.w.s.m.m.a.RequestMappingHandlerAdapter - Looking for @ControllerAdvice: org.springframework.boot.context.embedded.AnnotationConfigEmbeddedWebApplicationContext@255d64a4: startup date [Tue May 09 22:35:09 IST 2017]; root of context hierarchy
22:35:14.179 [main] INFO  o.s.w.s.m.m.a.RequestMappingHandlerMapping - Mapped "{[/registerFirm],methods=[GET]}" onto public java.lang.String com.goveca.controller.AccountController.insertNewClient(com.goveca.dto.Account)
22:35:14.184 [main] INFO  o.s.w.s.m.m.a.RequestMappingHandlerMapping - Mapped "{[/error]}" onto public org.springframework.http.ResponseEntity<java.util.Map<java.lang.String, java.lang.Object>> org.springframework.boot.autoconfigure.web.BasicErrorController.error(javax.servlet.http.HttpServletRequest)
22:35:14.185 [main] INFO  o.s.w.s.m.m.a.RequestMappingHandlerMapping - Mapped "{[/error],produces=[text/html]}" onto public org.springframework.web.servlet.ModelAndView org.springframework.boot.autoconfigure.web.BasicErrorController.errorHtml(javax.servlet.http.HttpServletRequest,javax.servlet.http.HttpServletResponse)
22:35:14.261 [main] INFO  o.s.w.s.h.SimpleUrlHandlerMapping - Mapped URL path [/webjars/**] onto handler of type [class org.springframework.web.servlet.resource.ResourceHttpRequestHandler]
22:35:14.261 [main] INFO  o.s.w.s.h.SimpleUrlHandlerMapping - Mapped URL path [/**] onto handler of type [class org.springframework.web.servlet.resource.ResourceHttpRequestHandler]
22:35:14.348 [main] INFO  o.s.w.s.h.SimpleUrlHandlerMapping - Mapped URL path [/**/favicon.ico] onto handler of type [class org.springframework.web.servlet.resource.ResourceHttpRequestHandler]
22:35:15.018 [main] INFO  o.s.b.a.e.mvc.EndpointHandlerMapping - Mapped "{[/info || /info.json],methods=[GET],produces=[application/vnd.spring-boot.actuator.v1+json || application/json]}" onto public java.lang.Object org.springframework.boot.actuate.endpoint.mvc.EndpointMvcAdapter.invoke()
22:35:15.020 [main] INFO  o.s.b.a.e.mvc.EndpointHandlerMapping - Mapped "{[/metrics/{name:.*}],methods=[GET],produces=[application/vnd.spring-boot.actuator.v1+json || application/json]}" onto public java.lang.Object org.springframework.boot.actuate.endpoint.mvc.MetricsMvcEndpoint.value(java.lang.String)
22:35:15.020 [main] INFO  o.s.b.a.e.mvc.EndpointHandlerMapping - Mapped "{[/metrics || /metrics.json],methods=[GET],produces=[application/vnd.spring-boot.actuator.v1+json || application/json]}" onto public java.lang.Object org.springframework.boot.actuate.endpoint.mvc.EndpointMvcAdapter.invoke()
22:35:15.021 [main] INFO  o.s.b.a.e.mvc.EndpointHandlerMapping - Mapped "{[/beans || /beans.json],methods=[GET],produces=[application/vnd.spring-boot.actuator.v1+json || application/json]}" onto public java.lang.Object org.springframework.boot.actuate.endpoint.mvc.EndpointMvcAdapter.invoke()
22:35:15.024 [main] INFO  o.s.b.a.e.mvc.EndpointHandlerMapping - Mapped "{[/auditevents || /auditevents.json],methods=[GET],produces=[application/vnd.spring-boot.actuator.v1+json || application/json]}" onto public org.springframework.http.ResponseEntity<?> org.springframework.boot.actuate.endpoint.mvc.AuditEventsMvcEndpoint.findByPrincipalAndAfterAndType(java.lang.String,java.util.Date,java.lang.String)
22:35:15.025 [main] INFO  o.s.b.a.e.mvc.EndpointHandlerMapping - Mapped "{[/configprops || /configprops.json],methods=[GET],produces=[application/vnd.spring-boot.actuator.v1+json || application/json]}" onto public java.lang.Object org.springframework.boot.actuate.endpoint.mvc.EndpointMvcAdapter.invoke()
22:35:15.027 [main] INFO  o.s.b.a.e.mvc.EndpointHandlerMapping - Mapped "{[/autoconfig || /autoconfig.json],methods=[GET],produces=[application/vnd.spring-boot.actuator.v1+json || application/json]}" onto public java.lang.Object org.springframework.boot.actuate.endpoint.mvc.EndpointMvcAdapter.invoke()
22:35:15.029 [main] INFO  o.s.b.a.e.mvc.EndpointHandlerMapping - Mapped "{[/dump || /dump.json],methods=[GET],produces=[application/vnd.spring-boot.actuator.v1+json || application/json]}" onto public java.lang.Object org.springframework.boot.actuate.endpoint.mvc.EndpointMvcAdapter.invoke()
22:35:15.033 [main] INFO  o.s.b.a.e.mvc.EndpointHandlerMapping - Mapped "{[/loggers/{name:.*}],methods=[GET],produces=[application/vnd.spring-boot.actuator.v1+json || application/json]}" onto public java.lang.Object org.springframework.boot.actuate.endpoint.mvc.LoggersMvcEndpoint.get(java.lang.String)
22:35:15.034 [main] INFO  o.s.b.a.e.mvc.EndpointHandlerMapping - Mapped "{[/loggers/{name:.*}],methods=[POST],consumes=[application/vnd.spring-boot.actuator.v1+json || application/json],produces=[application/vnd.spring-boot.actuator.v1+json || application/json]}" onto public java.lang.Object org.springframework.boot.actuate.endpoint.mvc.LoggersMvcEndpoint.set(java.lang.String,java.util.Map<java.lang.String, java.lang.String>)
22:35:15.035 [main] INFO  o.s.b.a.e.mvc.EndpointHandlerMapping - Mapped "{[/loggers || /loggers.json],methods=[GET],produces=[application/vnd.spring-boot.actuator.v1+json || application/json]}" onto public java.lang.Object org.springframework.boot.actuate.endpoint.mvc.EndpointMvcAdapter.invoke()
22:35:15.035 [main] INFO  o.s.b.a.e.mvc.EndpointHandlerMapping - Mapped "{[/trace || /trace.json],methods=[GET],produces=[application/vnd.spring-boot.actuator.v1+json || application/json]}" onto public java.lang.Object org.springframework.boot.actuate.endpoint.mvc.EndpointMvcAdapter.invoke()
22:35:15.039 [main] INFO  o.s.b.a.e.mvc.EndpointHandlerMapping - Mapped "{[/health || /health.json],methods=[GET],produces=[application/vnd.spring-boot.actuator.v1+json || application/json]}" onto public java.lang.Object org.springframework.boot.actuate.endpoint.mvc.HealthMvcEndpoint.invoke(javax.servlet.http.HttpServletRequest,java.security.Principal)
22:35:15.041 [main] INFO  o.s.b.a.e.mvc.EndpointHandlerMapping - Mapped "{[/env/{name:.*}],methods=[GET],produces=[application/vnd.spring-boot.actuator.v1+json || application/json]}" onto public java.lang.Object org.springframework.boot.actuate.endpoint.mvc.EnvironmentMvcEndpoint.value(java.lang.String)
22:35:15.041 [main] INFO  o.s.b.a.e.mvc.EndpointHandlerMapping - Mapped "{[/env || /env.json],methods=[GET],produces=[application/vnd.spring-boot.actuator.v1+json || application/json]}" onto public java.lang.Object org.springframework.boot.actuate.endpoint.mvc.EndpointMvcAdapter.invoke()
22:35:15.042 [main] INFO  o.s.b.a.e.mvc.EndpointHandlerMapping - Mapped "{[/mappings || /mappings.json],methods=[GET],produces=[application/vnd.spring-boot.actuator.v1+json || application/json]}" onto public java.lang.Object org.springframework.boot.actuate.endpoint.mvc.EndpointMvcAdapter.invoke()
22:35:15.044 [main] INFO  o.s.b.a.e.mvc.EndpointHandlerMapping - Mapped "{[/heapdump || /heapdump.json],methods=[GET],produces=[application/octet-stream]}" onto public void org.springframework.boot.actuate.endpoint.mvc.HeapdumpMvcEndpoint.invoke(boolean,javax.servlet.http.HttpServletRequest,javax.servlet.http.HttpServletResponse) throws java.io.IOException,javax.servlet.ServletException
22:35:15.484 [main] INFO  o.s.j.e.a.AnnotationMBeanExporter - Registering beans for JMX exposure on startup
22:35:15.492 [main] INFO  o.s.b.a.e.jmx.EndpointMBeanExporter - Registering beans for JMX exposure on startup
22:35:15.497 [main] INFO  o.s.c.s.DefaultLifecycleProcessor - Starting beans in phase 0
22:35:15.500 [main] INFO  o.s.b.a.e.jmx.EndpointMBeanExporter - Located managed bean 'auditEventsEndpoint': registering with JMX server as MBean [org.springframework.boot:type=Endpoint,name=auditEventsEndpoint]
22:35:15.529 [main] INFO  o.s.b.a.e.jmx.EndpointMBeanExporter - Located managed bean 'requestMappingEndpoint': registering with JMX server as MBean [org.springframework.boot:type=Endpoint,name=requestMappingEndpoint]
22:35:15.560 [main] INFO  o.s.b.a.e.jmx.EndpointMBeanExporter - Located managed bean 'environmentEndpoint': registering with JMX server as MBean [org.springframework.boot:type=Endpoint,name=environmentEndpoint]
22:35:15.569 [main] INFO  o.s.b.a.e.jmx.EndpointMBeanExporter - Located managed bean 'healthEndpoint': registering with JMX server as MBean [org.springframework.boot:type=Endpoint,name=healthEndpoint]
22:35:15.573 [main] INFO  o.s.b.a.e.jmx.EndpointMBeanExporter - Located managed bean 'beansEndpoint': registering with JMX server as MBean [org.springframework.boot:type=Endpoint,name=beansEndpoint]
22:35:15.576 [main] INFO  o.s.b.a.e.jmx.EndpointMBeanExporter - Located managed bean 'infoEndpoint': registering with JMX server as MBean [org.springframework.boot:type=Endpoint,name=infoEndpoint]
22:35:15.580 [main] INFO  o.s.b.a.e.jmx.EndpointMBeanExporter - Located managed bean 'loggersEndpoint': registering with JMX server as MBean [org.springframework.boot:type=Endpoint,name=loggersEndpoint]
22:35:15.594 [main] INFO  o.s.b.a.e.jmx.EndpointMBeanExporter - Located managed bean 'metricsEndpoint': registering with JMX server as MBean [org.springframework.boot:type=Endpoint,name=metricsEndpoint]
22:35:15.600 [main] INFO  o.s.b.a.e.jmx.EndpointMBeanExporter - Located managed bean 'traceEndpoint': registering with JMX server as MBean [org.springframework.boot:type=Endpoint,name=traceEndpoint]
22:35:15.605 [main] INFO  o.s.b.a.e.jmx.EndpointMBeanExporter - Located managed bean 'dumpEndpoint': registering with JMX server as MBean [org.springframework.boot:type=Endpoint,name=dumpEndpoint]
22:35:15.609 [main] INFO  o.s.b.a.e.jmx.EndpointMBeanExporter - Located managed bean 'autoConfigurationReportEndpoint': registering with JMX server as MBean [org.springframework.boot:type=Endpoint,name=autoConfigurationReportEndpoint]
22:35:15.625 [main] INFO  o.s.b.a.e.jmx.EndpointMBeanExporter - Located managed bean 'configurationPropertiesReportEndpoint': registering with JMX server as MBean [org.springframework.boot:type=Endpoint,name=configurationPropertiesReportEndpoint]
22:35:15.660 [main] INFO  o.a.coyote.http11.Http11NioProtocol - Initializing ProtocolHandler ["http-nio-8080"]
22:35:15.682 [main] INFO  o.a.coyote.http11.Http11NioProtocol - Starting ProtocolHandler ["http-nio-8080"]
22:35:15.705 [main] INFO  o.a.tomcat.util.net.NioSelectorPool - Using a shared selector for servlet write/read
22:35:15.770 [main] INFO  o.s.b.c.e.t.TomcatEmbeddedServletContainer - Tomcat started on port(s): 8080 (http)
22:35:15.780 [main] INFO  com.goveca.DemoApplication - Started DemoApplication in 7.327 seconds (JVM running for 11.603)
22:35:15.780 [main] INFO  com.goveca.DemoApplication - Started DemoApplication in 7.327 seconds (JVM running for 11.603)
22:35:20.608 [http-nio-8080-exec-1] INFO  o.a.c.c.C.[Tomcat].[localhost].[/] - Initializing Spring FrameworkServlet 'dispatcherServlet'
22:35:20.608 [http-nio-8080-exec-1] INFO  o.s.web.servlet.DispatcherServlet - FrameworkServlet 'dispatcherServlet': initialization started
22:35:20.634 [http-nio-8080-exec-1] INFO  o.s.web.servlet.DispatcherServlet - FrameworkServlet 'dispatcherServlet': initialization completed in 26 ms
22:35:20.757 [http-nio-8080-exec-1] WARN  o.s.w.s.m.s.DefaultHandlerExceptionResolver - Failed to read HTTP message: org.springframework.http.converter.HttpMessageNotReadableException: Required request body is missing: public java.lang.String com.goveca.controller.AccountController.insertNewClient(com.goveca.dto.Account)
23:06:29.578 [main] INFO  com.goveca.DemoApplicationTests - Starting DemoApplicationTests on CTPLLT037.local with PID 70415 (started by abhishek.patyal in /Users/abhishek.patyal/cointribe/work/demo)
23:06:29.578 [main] INFO  com.goveca.DemoApplicationTests - Starting DemoApplicationTests on CTPLLT037.local with PID 70415 (started by abhishek.patyal in /Users/abhishek.patyal/cointribe/work/demo)
23:06:29.579 [main] INFO  com.goveca.DemoApplicationTests - No active profile set, falling back to default profiles: default
23:06:29.579 [main] INFO  com.goveca.DemoApplicationTests - No active profile set, falling back to default profiles: default
23:06:29.648 [main] INFO  o.s.w.c.s.GenericWebApplicationContext - Refreshing org.springframework.web.context.support.GenericWebApplicationContext@7ef82753: startup date [Tue May 09 23:06:29 IST 2017]; root of context hierarchy
23:06:30.239 [background-preinit] INFO  o.h.validator.internal.util.Version - HV000001: Hibernate Validator 5.3.5.Final
23:06:30.985 [main] INFO  o.s.b.f.s.DefaultListableBeanFactory - Overriding bean definition for bean 'mongo' with a different definition: replacing [Root bean: class [null]; scope=; abstract=false; lazyInit=false; autowireMode=3; dependencyCheck=0; autowireCandidate=true; primary=false; factoryBeanName=mongoConfig; factoryMethodName=mongo; initMethodName=null; destroyMethodName=(inferred); defined in class path resource [com/goveca/configuration/MongoConfig.class]] with [Root bean: class [null]; scope=; abstract=false; lazyInit=false; autowireMode=3; dependencyCheck=0; autowireCandidate=true; primary=false; factoryBeanName=org.springframework.boot.autoconfigure.mongo.MongoAutoConfiguration; factoryMethodName=mongo; initMethodName=null; destroyMethodName=(inferred); defined in class path resource [org/springframework/boot/autoconfigure/mongo/MongoAutoConfiguration.class]]
23:06:32.331 [Thread-6] INFO  o.s.b.a.mongo.embedded.EmbeddedMongo - note: noprealloc may hurt performance in many applications
23:06:32.348 [Thread-6] INFO  o.s.b.a.mongo.embedded.EmbeddedMongo - 2017-05-09T23:06:32.347+0530 I CONTROL  [initandlisten] MongoDB starting : pid=70417 port=49255 dbpath=/var/folders/kj/5wc1w9813_lclw9mbsb759v4_4qjh7/T/embedmongo-db-356f8bf2-c79c-4d46-aabc-109767170ff8 64-bit host=CTPLLT037.local
23:06:32.348 [Thread-6] INFO  o.s.b.a.mongo.embedded.EmbeddedMongo - 2017-05-09T23:06:32.347+0530 I CONTROL  [initandlisten] db version v3.2.2
23:06:32.348 [Thread-6] INFO  o.s.b.a.mongo.embedded.EmbeddedMongo - 2017-05-09T23:06:32.347+0530 I CONTROL  [initandlisten] git version: 6e71d0d568e134c029203593b00a0103e7cdf30b
23:06:32.348 [Thread-6] INFO  o.s.b.a.mongo.embedded.EmbeddedMongo - 2017-05-09T23:06:32.347+0530 I CONTROL  [initandlisten] allocator: system
23:06:32.348 [Thread-6] INFO  o.s.b.a.mongo.embedded.EmbeddedMongo - 2017-05-09T23:06:32.347+0530 I CONTROL  [initandlisten] modules: none
23:06:32.348 [Thread-6] INFO  o.s.b.a.mongo.embedded.EmbeddedMongo - 2017-05-09T23:06:32.347+0530 I CONTROL  [initandlisten] build environment:
23:06:32.349 [Thread-6] INFO  o.s.b.a.mongo.embedded.EmbeddedMongo - 2017-05-09T23:06:32.347+0530 I CONTROL  [initandlisten]     distarch: x86_64
23:06:32.349 [Thread-6] INFO  o.s.b.a.mongo.embedded.EmbeddedMongo - 2017-05-09T23:06:32.347+0530 I CONTROL  [initandlisten]     target_arch: x86_64
23:06:32.349 [Thread-6] INFO  o.s.b.a.mongo.embedded.EmbeddedMongo - 2017-05-09T23:06:32.347+0530 I CONTROL  [initandlisten] options: { net: { bindIp: "127.0.0.1", http: { enabled: false }, port: 49255 }, security: { authorization: "disabled" }, storage: { dbPath: "/var/folders/kj/5wc1w9813_lclw9mbsb759v4_4qjh7/T/embedmongo-db-356f8bf2-c79c-4d46-aabc-109767170ff8", journal: { enabled: false }, mmapv1: { preallocDataFiles: false, smallFiles: true }, syncPeriodSecs: 0.0 } }
23:06:32.349 [Thread-6] INFO  o.s.b.a.mongo.embedded.EmbeddedMongo - 2017-05-09T23:06:32.349+0530 I STORAGE  [initandlisten] wiredtiger_open config: create,cache_size=4G,session_max=20000,eviction=(threads_max=4),config_base=false,statistics=(fast),log=(enabled=true,archive=true,path=journal,compressor=snappy),file_manager=(close_idle_time=100000),checkpoint=(wait=0,log_size=2GB),statistics_log=(wait=0),,log=(enabled=false),
23:06:32.576 [Thread-6] INFO  o.s.b.a.mongo.embedded.EmbeddedMongo - 2017-05-09T23:06:32.576+0530 W STORAGE  [initandlisten] Detected configuration for non-active storage engine mmapv1 when current storage engine is wiredTiger
23:06:32.577 [Thread-6] INFO  o.s.b.a.mongo.embedded.EmbeddedMongo - 2017-05-09T23:06:32.577+0530 I NETWORK  [HostnameCanonicalizationWorker] Starting hostname canonicalization worker
23:06:32.577 [Thread-6] INFO  o.s.b.a.mongo.embedded.EmbeddedMongo - 2017-05-09T23:06:32.577+0530 I FTDC     [initandlisten] Initializing full-time diagnostic data capture with directory '/var/folders/kj/5wc1w9813_lclw9mbsb759v4_4qjh7/T/embedmongo-db-356f8bf2-c79c-4d46-aabc-109767170ff8/diagnostic.data'
23:06:32.688 [Thread-6] INFO  o.s.b.a.mongo.embedded.EmbeddedMongo - 2017-05-09T23:06:32.687+0530 I NETWORK  [initandlisten] waiting for connections on port 49255
23:06:32.690 [main] INFO  d.f.embed.process.runtime.Executable - start de.flapdoodle.embed.mongo.config.MongodConfigBuilder$ImmutableMongodConfig@35835fa
23:06:32.957 [main] INFO  org.mongodb.driver.cluster - Cluster created with settings {hosts=[localhost:49255], mode=MULTIPLE, requiredClusterType=UNKNOWN, serverSelectionTimeout='30000 ms', maxWaitQueueSize=500}
23:06:32.957 [main] INFO  org.mongodb.driver.cluster - Adding discovered server localhost:49255 to client view of cluster
23:06:33.002 [Thread-6] INFO  o.s.b.a.mongo.embedded.EmbeddedMongo - 2017-05-09T23:06:33.001+0530 I NETWORK  [initandlisten] connection accepted from 127.0.0.1:49256 #1 (1 connection now open)
23:06:33.044 [cluster-ClusterId{value='5911fe20762c1d130fb1a9be', description='null'}-localhost:49255] INFO  org.mongodb.driver.connection - Opened connection [connectionId{localValue:1, serverValue:1}] to localhost:49255
23:06:33.046 [cluster-ClusterId{value='5911fe20762c1d130fb1a9be', description='null'}-localhost:49255] INFO  org.mongodb.driver.cluster - Monitor thread successfully connected to server with description ServerDescription{address=localhost:49255, type=STANDALONE, state=CONNECTED, ok=true, version=ServerVersion{versionList=[3, 2, 2]}, minWireVersion=0, maxWireVersion=4, maxDocumentSize=16777216, roundTripTimeNanos=524771}
23:06:33.047 [cluster-ClusterId{value='5911fe20762c1d130fb1a9be', description='null'}-localhost:49255] INFO  org.mongodb.driver.cluster - Discovered cluster type of STANDALONE
23:06:34.311 [main] INFO  o.s.w.s.m.m.a.RequestMappingHandlerAdapter - Looking for @ControllerAdvice: org.springframework.web.context.support.GenericWebApplicationContext@7ef82753: startup date [Tue May 09 23:06:29 IST 2017]; root of context hierarchy
23:06:34.431 [main] INFO  o.s.w.s.m.m.a.RequestMappingHandlerMapping - Mapped "{[/registerFirm],methods=[GET]}" onto public java.lang.String com.goveca.controller.AccountController.insertNewClient(com.goveca.dto.Account)
23:06:34.436 [main] INFO  o.s.w.s.m.m.a.RequestMappingHandlerMapping - Mapped "{[/error]}" onto public org.springframework.http.ResponseEntity<java.util.Map<java.lang.String, java.lang.Object>> org.springframework.boot.autoconfigure.web.BasicErrorController.error(javax.servlet.http.HttpServletRequest)
23:06:34.437 [main] INFO  o.s.w.s.m.m.a.RequestMappingHandlerMapping - Mapped "{[/error],produces=[text/html]}" onto public org.springframework.web.servlet.ModelAndView org.springframework.boot.autoconfigure.web.BasicErrorController.errorHtml(javax.servlet.http.HttpServletRequest,javax.servlet.http.HttpServletResponse)
23:06:34.493 [main] INFO  o.s.w.s.h.SimpleUrlHandlerMapping - Mapped URL path [/webjars/**] onto handler of type [class org.springframework.web.servlet.resource.ResourceHttpRequestHandler]
23:06:34.494 [main] INFO  o.s.w.s.h.SimpleUrlHandlerMapping - Mapped URL path [/**] onto handler of type [class org.springframework.web.servlet.resource.ResourceHttpRequestHandler]
23:06:34.562 [main] INFO  o.s.w.s.h.SimpleUrlHandlerMapping - Mapped URL path [/**/favicon.ico] onto handler of type [class org.springframework.web.servlet.resource.ResourceHttpRequestHandler]
23:06:35.003 [main] INFO  o.s.b.a.e.mvc.EndpointHandlerMapping - Mapped "{[/mappings || /mappings.json],methods=[GET],produces=[application/vnd.spring-boot.actuator.v1+json || application/json]}" onto public java.lang.Object org.springframework.boot.actuate.endpoint.mvc.EndpointMvcAdapter.invoke()
23:06:35.004 [main] INFO  o.s.b.a.e.mvc.EndpointHandlerMapping - Mapped "{[/health || /health.json],methods=[GET],produces=[application/vnd.spring-boot.actuator.v1+json || application/json]}" onto public java.lang.Object org.springframework.boot.actuate.endpoint.mvc.HealthMvcEndpoint.invoke(javax.servlet.http.HttpServletRequest,java.security.Principal)
23:06:35.005 [main] INFO  o.s.b.a.e.mvc.EndpointHandlerMapping - Mapped "{[/trace || /trace.json],methods=[GET],produces=[application/vnd.spring-boot.actuator.v1+json || application/json]}" onto public java.lang.Object org.springframework.boot.actuate.endpoint.mvc.EndpointMvcAdapter.invoke()
23:06:35.006 [main] INFO  o.s.b.a.e.mvc.EndpointHandlerMapping - Mapped "{[/metrics/{name:.*}],methods=[GET],produces=[application/vnd.spring-boot.actuator.v1+json || application/json]}" onto public java.lang.Object org.springframework.boot.actuate.endpoint.mvc.MetricsMvcEndpoint.value(java.lang.String)
23:06:35.007 [main] INFO  o.s.b.a.e.mvc.EndpointHandlerMapping - Mapped "{[/metrics || /metrics.json],methods=[GET],produces=[application/vnd.spring-boot.actuator.v1+json || application/json]}" onto public java.lang.Object org.springframework.boot.actuate.endpoint.mvc.EndpointMvcAdapter.invoke()
23:06:35.008 [main] INFO  o.s.b.a.e.mvc.EndpointHandlerMapping - Mapped "{[/autoconfig || /autoconfig.json],methods=[GET],produces=[application/vnd.spring-boot.actuator.v1+json || application/json]}" onto public java.lang.Object org.springframework.boot.actuate.endpoint.mvc.EndpointMvcAdapter.invoke()
23:06:35.009 [main] INFO  o.s.b.a.e.mvc.EndpointHandlerMapping - Mapped "{[/heapdump || /heapdump.json],methods=[GET],produces=[application/octet-stream]}" onto public void org.springframework.boot.actuate.endpoint.mvc.HeapdumpMvcEndpoint.invoke(boolean,javax.servlet.http.HttpServletRequest,javax.servlet.http.HttpServletResponse) throws java.io.IOException,javax.servlet.ServletException
23:06:35.017 [main] INFO  o.s.b.a.e.mvc.EndpointHandlerMapping - Mapped "{[/loggers/{name:.*}],methods=[GET],produces=[application/vnd.spring-boot.actuator.v1+json || application/json]}" onto public java.lang.Object org.springframework.boot.actuate.endpoint.mvc.LoggersMvcEndpoint.get(java.lang.String)
23:06:35.018 [main] INFO  o.s.b.a.e.mvc.EndpointHandlerMapping - Mapped "{[/loggers/{name:.*}],methods=[POST],consumes=[application/vnd.spring-boot.actuator.v1+json || application/json],produces=[application/vnd.spring-boot.actuator.v1+json || application/json]}" onto public java.lang.Object org.springframework.boot.actuate.endpoint.mvc.LoggersMvcEndpoint.set(java.lang.String,java.util.Map<java.lang.String, java.lang.String>)
23:06:35.019 [main] INFO  o.s.b.a.e.mvc.EndpointHandlerMapping - Mapped "{[/loggers || /loggers.json],methods=[GET],produces=[application/vnd.spring-boot.actuator.v1+json || application/json]}" onto public java.lang.Object org.springframework.boot.actuate.endpoint.mvc.EndpointMvcAdapter.invoke()
23:06:35.021 [main] INFO  o.s.b.a.e.mvc.EndpointHandlerMapping - Mapped "{[/auditevents || /auditevents.json],methods=[GET],produces=[application/vnd.spring-boot.actuator.v1+json || application/json]}" onto public org.springframework.http.ResponseEntity<?> org.springframework.boot.actuate.endpoint.mvc.AuditEventsMvcEndpoint.findByPrincipalAndAfterAndType(java.lang.String,java.util.Date,java.lang.String)
23:06:35.022 [main] INFO  o.s.b.a.e.mvc.EndpointHandlerMapping - Mapped "{[/configprops || /configprops.json],methods=[GET],produces=[application/vnd.spring-boot.actuator.v1+json || application/json]}" onto public java.lang.Object org.springframework.boot.actuate.endpoint.mvc.EndpointMvcAdapter.invoke()
23:06:35.024 [main] INFO  o.s.b.a.e.mvc.EndpointHandlerMapping - Mapped "{[/env/{name:.*}],methods=[GET],produces=[application/vnd.spring-boot.actuator.v1+json || application/json]}" onto public java.lang.Object org.springframework.boot.actuate.endpoint.mvc.EnvironmentMvcEndpoint.value(java.lang.String)
23:06:35.024 [main] INFO  o.s.b.a.e.mvc.EndpointHandlerMapping - Mapped "{[/env || /env.json],methods=[GET],produces=[application/vnd.spring-boot.actuator.v1+json || application/json]}" onto public java.lang.Object org.springframework.boot.actuate.endpoint.mvc.EndpointMvcAdapter.invoke()
23:06:35.025 [main] INFO  o.s.b.a.e.mvc.EndpointHandlerMapping - Mapped "{[/dump || /dump.json],methods=[GET],produces=[application/vnd.spring-boot.actuator.v1+json || application/json]}" onto public java.lang.Object org.springframework.boot.actuate.endpoint.mvc.EndpointMvcAdapter.invoke()
23:06:35.026 [main] INFO  o.s.b.a.e.mvc.EndpointHandlerMapping - Mapped "{[/info || /info.json],methods=[GET],produces=[application/vnd.spring-boot.actuator.v1+json || application/json]}" onto public java.lang.Object org.springframework.boot.actuate.endpoint.mvc.EndpointMvcAdapter.invoke()
23:06:35.027 [main] INFO  o.s.b.a.e.mvc.EndpointHandlerMapping - Mapped "{[/beans || /beans.json],methods=[GET],produces=[application/vnd.spring-boot.actuator.v1+json || application/json]}" onto public java.lang.Object org.springframework.boot.actuate.endpoint.mvc.EndpointMvcAdapter.invoke()
23:06:35.322 [main] INFO  com.goveca.DemoApplicationTests - Started DemoApplicationTests in 6.635 seconds (JVM running for 7.76)
23:06:35.322 [main] INFO  com.goveca.DemoApplicationTests - Started DemoApplicationTests in 6.635 seconds (JVM running for 7.76)
23:06:35.473 [Thread-6] INFO  o.s.b.a.mongo.embedded.EmbeddedMongo - 2017-05-09T23:06:35.473+0530 I NETWORK  [initandlisten] connection accepted from 127.0.0.1:49258 #2 (2 connections now open)
23:06:35.474 [Thread-6] INFO  o.s.b.a.mongo.embedded.EmbeddedMongo - 2017-05-09T23:06:35.473+0530 I COMMAND  [conn2] terminating, shutdown command received
23:06:35.474 [Thread-6] INFO  o.s.b.a.mongo.embedded.EmbeddedMongo - 2017-05-09T23:06:35.473+0530 I FTDC     [conn2] Shutting down full-time diagnostic data capture
23:06:35.475 [Thread-6] INFO  o.s.b.a.mongo.embedded.EmbeddedMongo - 2017-05-09T23:06:35.475+0530 I CONTROL  [conn2] now exiting
23:06:35.475 [Thread-6] INFO  o.s.b.a.mongo.embedded.EmbeddedMongo - 2017-05-09T23:06:35.475+0530 I NETWORK  [conn2] shutdown: going to close listening sockets...
23:06:35.475 [Thread-6] INFO  o.s.b.a.mongo.embedded.EmbeddedMongo - 2017-05-09T23:06:35.475+0530 I NETWORK  [conn2] closing listening socket: 5
23:06:35.476 [Thread-6] INFO  o.s.b.a.mongo.embedded.EmbeddedMongo - 2017-05-09T23:06:35.475+0530 I NETWORK  [conn2] closing listening socket: 6
23:06:35.476 [Thread-6] INFO  o.s.b.a.mongo.embedded.EmbeddedMongo - 2017-05-09T23:06:35.475+0530 I NETWORK  [conn2] removing socket file: /tmp/mongodb-49255.sock
23:06:35.476 [Thread-6] INFO  o.s.b.a.mongo.embedded.EmbeddedMongo - 2017-05-09T23:06:35.475+0530 I NETWORK  [conn2] shutdown: going to flush diaglog...
23:06:35.476 [Thread-6] INFO  o.s.b.a.mongo.embedded.EmbeddedMongo - 2017-05-09T23:06:35.475+0530 I NETWORK  [conn2] shutdown: going to close sockets...
23:06:35.476 [Thread-6] INFO  o.s.b.a.mongo.embedded.EmbeddedMongo - 2017-05-09T23:06:35.476+0530 I NETWORK  [conn1] end connection 127.0.0.1:49256 (1 connection now open)
23:06:35.477 [Thread-8] INFO  o.s.w.c.s.GenericWebApplicationContext - Closing org.springframework.web.context.support.GenericWebApplicationContext@7ef82753: startup date [Tue May 09 23:06:29 IST 2017]; root of context hierarchy
23:06:35.480 [Thread-6] INFO  o.s.b.a.mongo.embedded.EmbeddedMongo - 2017-05-09T23:06:35.479+0530 I STORAGE  [conn2] WiredTigerKVEngine shutting down
23:06:35.576 [Thread-4] INFO  d.f.e.process.runtime.ProcessControl - stopOrDestroyProcess: process hasn't exited 
23:06:35.584 [Thread-6] INFO  o.s.b.a.mongo.embedded.EmbeddedMongo - 2017-05-09T23:06:35.579+0530 I STORAGE  [conn2] shutdown: removing fs lock...
23:06:35.584 [Thread-6] INFO  o.s.b.a.mongo.embedded.EmbeddedMongo - 2017-05-09T23:06:35.579+0530 I CONTROL  [conn2] dbexit:  rc: 0
23:10:54.209 [main] INFO  com.goveca.DemoApplicationTests - Starting DemoApplicationTests on CTPLLT037.local with PID 70453 (started by abhishek.patyal in /Users/abhishek.patyal/cointribe/work/demo)
23:10:54.209 [main] INFO  com.goveca.DemoApplicationTests - Starting DemoApplicationTests on CTPLLT037.local with PID 70453 (started by abhishek.patyal in /Users/abhishek.patyal/cointribe/work/demo)
23:10:54.210 [main] INFO  com.goveca.DemoApplicationTests - No active profile set, falling back to default profiles: default
23:10:54.210 [main] INFO  com.goveca.DemoApplicationTests - No active profile set, falling back to default profiles: default
23:10:54.276 [main] INFO  o.s.w.c.s.GenericWebApplicationContext - Refreshing org.springframework.web.context.support.GenericWebApplicationContext@7ef82753: startup date [Tue May 09 23:10:54 IST 2017]; root of context hierarchy
23:10:54.953 [background-preinit] INFO  o.h.validator.internal.util.Version - HV000001: Hibernate Validator 5.3.5.Final
23:10:55.696 [main] INFO  o.s.b.f.s.DefaultListableBeanFactory - Overriding bean definition for bean 'mongo' with a different definition: replacing [Root bean: class [null]; scope=; abstract=false; lazyInit=false; autowireMode=3; dependencyCheck=0; autowireCandidate=true; primary=false; factoryBeanName=mongoConfig; factoryMethodName=mongo; initMethodName=null; destroyMethodName=(inferred); defined in class path resource [com/goveca/configuration/MongoConfig.class]] with [Root bean: class [null]; scope=; abstract=false; lazyInit=false; autowireMode=3; dependencyCheck=0; autowireCandidate=true; primary=false; factoryBeanName=org.springframework.boot.autoconfigure.mongo.MongoAutoConfiguration; factoryMethodName=mongo; initMethodName=null; destroyMethodName=(inferred); defined in class path resource [org/springframework/boot/autoconfigure/mongo/MongoAutoConfiguration.class]]
23:10:56.988 [Thread-6] INFO  o.s.b.a.mongo.embedded.EmbeddedMongo - note: noprealloc may hurt performance in many applications
23:10:57.009 [Thread-6] INFO  o.s.b.a.mongo.embedded.EmbeddedMongo - 2017-05-09T23:10:57.008+0530 I CONTROL  [initandlisten] MongoDB starting : pid=70454 port=49336 dbpath=/var/folders/kj/5wc1w9813_lclw9mbsb759v4_4qjh7/T/embedmongo-db-bd2a7f10-ce0f-47cb-8ac0-063fc5bb16e6 64-bit host=CTPLLT037.local
23:10:57.009 [Thread-6] INFO  o.s.b.a.mongo.embedded.EmbeddedMongo - 2017-05-09T23:10:57.009+0530 I CONTROL  [initandlisten] db version v3.2.2
23:10:57.009 [Thread-6] INFO  o.s.b.a.mongo.embedded.EmbeddedMongo - 2017-05-09T23:10:57.009+0530 I CONTROL  [initandlisten] git version: 6e71d0d568e134c029203593b00a0103e7cdf30b
23:10:57.009 [Thread-6] INFO  o.s.b.a.mongo.embedded.EmbeddedMongo - 2017-05-09T23:10:57.009+0530 I CONTROL  [initandlisten] allocator: system
23:10:57.009 [Thread-6] INFO  o.s.b.a.mongo.embedded.EmbeddedMongo - 2017-05-09T23:10:57.009+0530 I CONTROL  [initandlisten] modules: none
23:10:57.009 [Thread-6] INFO  o.s.b.a.mongo.embedded.EmbeddedMongo - 2017-05-09T23:10:57.009+0530 I CONTROL  [initandlisten] build environment:
23:10:57.010 [Thread-6] INFO  o.s.b.a.mongo.embedded.EmbeddedMongo - 2017-05-09T23:10:57.009+0530 I CONTROL  [initandlisten]     distarch: x86_64
23:10:57.010 [Thread-6] INFO  o.s.b.a.mongo.embedded.EmbeddedMongo - 2017-05-09T23:10:57.009+0530 I CONTROL  [initandlisten]     target_arch: x86_64
23:10:57.010 [Thread-6] INFO  o.s.b.a.mongo.embedded.EmbeddedMongo - 2017-05-09T23:10:57.009+0530 I CONTROL  [initandlisten] options: { net: { bindIp: "127.0.0.1", http: { enabled: false }, port: 49336 }, security: { authorization: "disabled" }, storage: { dbPath: "/var/folders/kj/5wc1w9813_lclw9mbsb759v4_4qjh7/T/embedmongo-db-bd2a7f10-ce0f-47cb-8ac0-063fc5bb16e6", journal: { enabled: false }, mmapv1: { preallocDataFiles: false, smallFiles: true }, syncPeriodSecs: 0.0 } }
23:10:57.012 [Thread-6] INFO  o.s.b.a.mongo.embedded.EmbeddedMongo - 2017-05-09T23:10:57.012+0530 I STORAGE  [initandlisten] wiredtiger_open config: create,cache_size=4G,session_max=20000,eviction=(threads_max=4),config_base=false,statistics=(fast),log=(enabled=true,archive=true,path=journal,compressor=snappy),file_manager=(close_idle_time=100000),checkpoint=(wait=0,log_size=2GB),statistics_log=(wait=0),,log=(enabled=false),
23:10:57.246 [Thread-6] INFO  o.s.b.a.mongo.embedded.EmbeddedMongo - 2017-05-09T23:10:57.246+0530 W STORAGE  [initandlisten] Detected configuration for non-active storage engine mmapv1 when current storage engine is wiredTiger
23:10:57.247 [Thread-6] INFO  o.s.b.a.mongo.embedded.EmbeddedMongo - 2017-05-09T23:10:57.247+0530 I NETWORK  [HostnameCanonicalizationWorker] Starting hostname canonicalization worker
23:10:57.247 [Thread-6] INFO  o.s.b.a.mongo.embedded.EmbeddedMongo - 2017-05-09T23:10:57.247+0530 I FTDC     [initandlisten] Initializing full-time diagnostic data capture with directory '/var/folders/kj/5wc1w9813_lclw9mbsb759v4_4qjh7/T/embedmongo-db-bd2a7f10-ce0f-47cb-8ac0-063fc5bb16e6/diagnostic.data'
23:10:57.358 [Thread-6] INFO  o.s.b.a.mongo.embedded.EmbeddedMongo - 2017-05-09T23:10:57.358+0530 I NETWORK  [initandlisten] waiting for connections on port 49336
23:10:57.359 [main] INFO  d.f.embed.process.runtime.Executable - start de.flapdoodle.embed.mongo.config.MongodConfigBuilder$ImmutableMongodConfig@7e9da981
23:10:57.646 [main] INFO  org.mongodb.driver.cluster - Cluster created with settings {hosts=[localhost:49336], mode=MULTIPLE, requiredClusterType=UNKNOWN, serverSelectionTimeout='30000 ms', maxWaitQueueSize=500}
23:10:57.646 [main] INFO  org.mongodb.driver.cluster - Adding discovered server localhost:49336 to client view of cluster
23:10:57.691 [Thread-6] INFO  o.s.b.a.mongo.embedded.EmbeddedMongo - 2017-05-09T23:10:57.690+0530 I NETWORK  [initandlisten] connection accepted from 127.0.0.1:49338 #1 (1 connection now open)
23:10:57.723 [cluster-ClusterId{value='5911ff29762c1d1335425175', description='null'}-localhost:49336] INFO  org.mongodb.driver.connection - Opened connection [connectionId{localValue:1, serverValue:1}] to localhost:49336
23:10:57.725 [cluster-ClusterId{value='5911ff29762c1d1335425175', description='null'}-localhost:49336] INFO  org.mongodb.driver.cluster - Monitor thread successfully connected to server with description ServerDescription{address=localhost:49336, type=STANDALONE, state=CONNECTED, ok=true, version=ServerVersion{versionList=[3, 2, 2]}, minWireVersion=0, maxWireVersion=4, maxDocumentSize=16777216, roundTripTimeNanos=767625}
23:10:57.727 [cluster-ClusterId{value='5911ff29762c1d1335425175', description='null'}-localhost:49336] INFO  org.mongodb.driver.cluster - Discovered cluster type of STANDALONE
23:10:58.903 [main] INFO  o.s.w.s.m.m.a.RequestMappingHandlerAdapter - Looking for @ControllerAdvice: org.springframework.web.context.support.GenericWebApplicationContext@7ef82753: startup date [Tue May 09 23:10:54 IST 2017]; root of context hierarchy
23:10:59.029 [main] INFO  o.s.w.s.m.m.a.RequestMappingHandlerMapping - Mapped "{[/registerFirm],methods=[GET]}" onto public java.lang.String com.goveca.controller.AccountController.insertNewClient(com.goveca.dto.Account)
23:10:59.033 [main] INFO  o.s.w.s.m.m.a.RequestMappingHandlerMapping - Mapped "{[/error]}" onto public org.springframework.http.ResponseEntity<java.util.Map<java.lang.String, java.lang.Object>> org.springframework.boot.autoconfigure.web.BasicErrorController.error(javax.servlet.http.HttpServletRequest)
23:10:59.033 [main] INFO  o.s.w.s.m.m.a.RequestMappingHandlerMapping - Mapped "{[/error],produces=[text/html]}" onto public org.springframework.web.servlet.ModelAndView org.springframework.boot.autoconfigure.web.BasicErrorController.errorHtml(javax.servlet.http.HttpServletRequest,javax.servlet.http.HttpServletResponse)
23:10:59.090 [main] INFO  o.s.w.s.h.SimpleUrlHandlerMapping - Mapped URL path [/webjars/**] onto handler of type [class org.springframework.web.servlet.resource.ResourceHttpRequestHandler]
23:10:59.090 [main] INFO  o.s.w.s.h.SimpleUrlHandlerMapping - Mapped URL path [/**] onto handler of type [class org.springframework.web.servlet.resource.ResourceHttpRequestHandler]
23:10:59.147 [main] INFO  o.s.w.s.h.SimpleUrlHandlerMapping - Mapped URL path [/**/favicon.ico] onto handler of type [class org.springframework.web.servlet.resource.ResourceHttpRequestHandler]
23:10:59.564 [main] INFO  o.s.b.a.e.mvc.EndpointHandlerMapping - Mapped "{[/heapdump || /heapdump.json],methods=[GET],produces=[application/octet-stream]}" onto public void org.springframework.boot.actuate.endpoint.mvc.HeapdumpMvcEndpoint.invoke(boolean,javax.servlet.http.HttpServletRequest,javax.servlet.http.HttpServletResponse) throws java.io.IOException,javax.servlet.ServletException
23:10:59.566 [main] INFO  o.s.b.a.e.mvc.EndpointHandlerMapping - Mapped "{[/metrics/{name:.*}],methods=[GET],produces=[application/vnd.spring-boot.actuator.v1+json || application/json]}" onto public java.lang.Object org.springframework.boot.actuate.endpoint.mvc.MetricsMvcEndpoint.value(java.lang.String)
23:10:59.566 [main] INFO  o.s.b.a.e.mvc.EndpointHandlerMapping - Mapped "{[/metrics || /metrics.json],methods=[GET],produces=[application/vnd.spring-boot.actuator.v1+json || application/json]}" onto public java.lang.Object org.springframework.boot.actuate.endpoint.mvc.EndpointMvcAdapter.invoke()
23:10:59.567 [main] INFO  o.s.b.a.e.mvc.EndpointHandlerMapping - Mapped "{[/beans || /beans.json],methods=[GET],produces=[application/vnd.spring-boot.actuator.v1+json || application/json]}" onto public java.lang.Object org.springframework.boot.actuate.endpoint.mvc.EndpointMvcAdapter.invoke()
23:10:59.568 [main] INFO  o.s.b.a.e.mvc.EndpointHandlerMapping - Mapped "{[/health || /health.json],methods=[GET],produces=[application/vnd.spring-boot.actuator.v1+json || application/json]}" onto public java.lang.Object org.springframework.boot.actuate.endpoint.mvc.HealthMvcEndpoint.invoke(javax.servlet.http.HttpServletRequest,java.security.Principal)
23:10:59.569 [main] INFO  o.s.b.a.e.mvc.EndpointHandlerMapping - Mapped "{[/autoconfig || /autoconfig.json],methods=[GET],produces=[application/vnd.spring-boot.actuator.v1+json || application/json]}" onto public java.lang.Object org.springframework.boot.actuate.endpoint.mvc.EndpointMvcAdapter.invoke()
23:10:59.571 [main] INFO  o.s.b.a.e.mvc.EndpointHandlerMapping - Mapped "{[/mappings || /mappings.json],methods=[GET],produces=[application/vnd.spring-boot.actuator.v1+json || application/json]}" onto public java.lang.Object org.springframework.boot.actuate.endpoint.mvc.EndpointMvcAdapter.invoke()
23:10:59.572 [main] INFO  o.s.b.a.e.mvc.EndpointHandlerMapping - Mapped "{[/info || /info.json],methods=[GET],produces=[application/vnd.spring-boot.actuator.v1+json || application/json]}" onto public java.lang.Object org.springframework.boot.actuate.endpoint.mvc.EndpointMvcAdapter.invoke()
23:10:59.575 [main] INFO  o.s.b.a.e.mvc.EndpointHandlerMapping - Mapped "{[/env/{name:.*}],methods=[GET],produces=[application/vnd.spring-boot.actuator.v1+json || application/json]}" onto public java.lang.Object org.springframework.boot.actuate.endpoint.mvc.EnvironmentMvcEndpoint.value(java.lang.String)
23:10:59.575 [main] INFO  o.s.b.a.e.mvc.EndpointHandlerMapping - Mapped "{[/env || /env.json],methods=[GET],produces=[application/vnd.spring-boot.actuator.v1+json || application/json]}" onto public java.lang.Object org.springframework.boot.actuate.endpoint.mvc.EndpointMvcAdapter.invoke()
23:10:59.576 [main] INFO  o.s.b.a.e.mvc.EndpointHandlerMapping - Mapped "{[/trace || /trace.json],methods=[GET],produces=[application/vnd.spring-boot.actuator.v1+json || application/json]}" onto public java.lang.Object org.springframework.boot.actuate.endpoint.mvc.EndpointMvcAdapter.invoke()
23:10:59.578 [main] INFO  o.s.b.a.e.mvc.EndpointHandlerMapping - Mapped "{[/auditevents || /auditevents.json],methods=[GET],produces=[application/vnd.spring-boot.actuator.v1+json || application/json]}" onto public org.springframework.http.ResponseEntity<?> org.springframework.boot.actuate.endpoint.mvc.AuditEventsMvcEndpoint.findByPrincipalAndAfterAndType(java.lang.String,java.util.Date,java.lang.String)
23:10:59.580 [main] INFO  o.s.b.a.e.mvc.EndpointHandlerMapping - Mapped "{[/loggers/{name:.*}],methods=[GET],produces=[application/vnd.spring-boot.actuator.v1+json || application/json]}" onto public java.lang.Object org.springframework.boot.actuate.endpoint.mvc.LoggersMvcEndpoint.get(java.lang.String)
23:10:59.581 [main] INFO  o.s.b.a.e.mvc.EndpointHandlerMapping - Mapped "{[/loggers/{name:.*}],methods=[POST],consumes=[application/vnd.spring-boot.actuator.v1+json || application/json],produces=[application/vnd.spring-boot.actuator.v1+json || application/json]}" onto public java.lang.Object org.springframework.boot.actuate.endpoint.mvc.LoggersMvcEndpoint.set(java.lang.String,java.util.Map<java.lang.String, java.lang.String>)
23:10:59.581 [main] INFO  o.s.b.a.e.mvc.EndpointHandlerMapping - Mapped "{[/loggers || /loggers.json],methods=[GET],produces=[application/vnd.spring-boot.actuator.v1+json || application/json]}" onto public java.lang.Object org.springframework.boot.actuate.endpoint.mvc.EndpointMvcAdapter.invoke()
23:10:59.582 [main] INFO  o.s.b.a.e.mvc.EndpointHandlerMapping - Mapped "{[/configprops || /configprops.json],methods=[GET],produces=[application/vnd.spring-boot.actuator.v1+json || application/json]}" onto public java.lang.Object org.springframework.boot.actuate.endpoint.mvc.EndpointMvcAdapter.invoke()
23:10:59.583 [main] INFO  o.s.b.a.e.mvc.EndpointHandlerMapping - Mapped "{[/dump || /dump.json],methods=[GET],produces=[application/vnd.spring-boot.actuator.v1+json || application/json]}" onto public java.lang.Object org.springframework.boot.actuate.endpoint.mvc.EndpointMvcAdapter.invoke()
23:10:59.907 [main] INFO  com.goveca.DemoApplicationTests - Started DemoApplicationTests in 6.457 seconds (JVM running for 7.4)
23:10:59.907 [main] INFO  com.goveca.DemoApplicationTests - Started DemoApplicationTests in 6.457 seconds (JVM running for 7.4)
23:11:00.033 [Thread-8] INFO  o.s.w.c.s.GenericWebApplicationContext - Closing org.springframework.web.context.support.GenericWebApplicationContext@7ef82753: startup date [Tue May 09 23:10:54 IST 2017]; root of context hierarchy
23:11:00.038 [Thread-6] INFO  o.s.b.a.mongo.embedded.EmbeddedMongo - 2017-05-09T23:11:00.037+0530 I NETWORK  [initandlisten] connection accepted from 127.0.0.1:49340 #2 (2 connections now open)
23:11:00.038 [Thread-6] INFO  o.s.b.a.mongo.embedded.EmbeddedMongo - 2017-05-09T23:11:00.038+0530 I COMMAND  [conn2] terminating, shutdown command received
23:11:00.038 [Thread-6] INFO  o.s.b.a.mongo.embedded.EmbeddedMongo - 2017-05-09T23:11:00.038+0530 I FTDC     [conn2] Shutting down full-time diagnostic data capture
23:11:00.040 [Thread-6] INFO  o.s.b.a.mongo.embedded.EmbeddedMongo - 2017-05-09T23:11:00.039+0530 I CONTROL  [conn2] now exiting
23:11:00.040 [Thread-6] INFO  o.s.b.a.mongo.embedded.EmbeddedMongo - 2017-05-09T23:11:00.039+0530 I NETWORK  [conn2] shutdown: going to close listening sockets...
23:11:00.040 [Thread-6] INFO  o.s.b.a.mongo.embedded.EmbeddedMongo - 2017-05-09T23:11:00.039+0530 I NETWORK  [conn2] closing listening socket: 5
23:11:00.040 [Thread-6] INFO  o.s.b.a.mongo.embedded.EmbeddedMongo - 2017-05-09T23:11:00.039+0530 I NETWORK  [conn2] closing listening socket: 6
23:11:00.040 [Thread-6] INFO  o.s.b.a.mongo.embedded.EmbeddedMongo - 2017-05-09T23:11:00.040+0530 I NETWORK  [conn2] removing socket file: /tmp/mongodb-49336.sock
23:11:00.041 [Thread-6] INFO  o.s.b.a.mongo.embedded.EmbeddedMongo - 2017-05-09T23:11:00.040+0530 I NETWORK  [conn2] shutdown: going to flush diaglog...
23:11:00.041 [Thread-6] INFO  o.s.b.a.mongo.embedded.EmbeddedMongo - 2017-05-09T23:11:00.040+0530 I NETWORK  [conn2] shutdown: going to close sockets...
23:11:00.041 [Thread-6] INFO  o.s.b.a.mongo.embedded.EmbeddedMongo - 2017-05-09T23:11:00.040+0530 I NETWORK  [conn1] end connection 127.0.0.1:49338 (1 connection now open)
23:11:00.050 [Thread-6] INFO  o.s.b.a.mongo.embedded.EmbeddedMongo - 2017-05-09T23:11:00.050+0530 I STORAGE  [conn2] WiredTigerKVEngine shutting down
23:11:00.146 [Thread-5] INFO  d.f.e.process.runtime.ProcessControl - stopOrDestroyProcess: process hasn't exited 
23:11:00.151 [Thread-6] INFO  o.s.b.a.mongo.embedded.EmbeddedMongo - 2017-05-09T23:11:00.151+0530 I STORAGE  [conn2] shutdown: removing fs lock...
23:11:00.152 [Thread-6] INFO  o.s.b.a.mongo.embedded.EmbeddedMongo - 2017-05-09T23:11:00.151+0530 I CONTROL  [conn2] dbexit:  rc: 0
