00:11:26.243 [main] INFO  com.goveca.DemoApplicationTests - Starting DemoApplicationTests on CTPLLT037.local with PID 72542 (started by abhishek.patyal in /Users/abhishek.patyal/cointribe/work/demo)
00:11:26.243 [main] INFO  com.goveca.DemoApplicationTests - Starting DemoApplicationTests on CTPLLT037.local with PID 72542 (started by abhishek.patyal in /Users/abhishek.patyal/cointribe/work/demo)
00:11:26.252 [main] INFO  com.goveca.DemoApplicationTests - No active profile set, falling back to default profiles: default
00:11:26.252 [main] INFO  com.goveca.DemoApplicationTests - No active profile set, falling back to default profiles: default
00:11:26.303 [main] INFO  o.s.w.c.s.GenericWebApplicationContext - Refreshing org.springframework.web.context.support.GenericWebApplicationContext@7ef82753: startup date [Fri May 12 00:11:26 IST 2017]; root of context hierarchy
00:11:27.012 [background-preinit] INFO  o.h.validator.internal.util.Version - HV000001: Hibernate Validator 5.3.5.Final
00:11:27.814 [main] INFO  o.s.b.f.s.DefaultListableBeanFactory - Overriding bean definition for bean 'mongo' with a different definition: replacing [Root bean: class [null]; scope=; abstract=false; lazyInit=false; autowireMode=3; dependencyCheck=0; autowireCandidate=true; primary=false; factoryBeanName=mongoConfig; factoryMethodName=mongo; initMethodName=null; destroyMethodName=(inferred); defined in class path resource [com/goveca/configuration/MongoConfig.class]] with [Root bean: class [null]; scope=; abstract=false; lazyInit=false; autowireMode=3; dependencyCheck=0; autowireCandidate=true; primary=false; factoryBeanName=org.springframework.boot.autoconfigure.mongo.MongoAutoConfiguration; factoryMethodName=mongo; initMethodName=null; destroyMethodName=(inferred); defined in class path resource [org/springframework/boot/autoconfigure/mongo/MongoAutoConfiguration.class]]
00:11:29.410 [Thread-6] INFO  o.s.b.a.mongo.embedded.EmbeddedMongo - note: noprealloc may hurt performance in many applications
00:11:29.433 [Thread-6] INFO  o.s.b.a.mongo.embedded.EmbeddedMongo - 2017-05-12T00:11:29.432+0530 I CONTROL  [initandlisten] MongoDB starting : pid=72543 port=50066 dbpath=/var/folders/kj/5wc1w9813_lclw9mbsb759v4_4qjh7/T/embedmongo-db-ac733494-849b-4776-8e48-0ffa5ad932a3 64-bit host=CTPLLT037.local
00:11:29.433 [Thread-6] INFO  o.s.b.a.mongo.embedded.EmbeddedMongo - 2017-05-12T00:11:29.433+0530 I CONTROL  [initandlisten] db version v3.2.2
00:11:29.434 [Thread-6] INFO  o.s.b.a.mongo.embedded.EmbeddedMongo - 2017-05-12T00:11:29.433+0530 I CONTROL  [initandlisten] git version: 6e71d0d568e134c029203593b00a0103e7cdf30b
00:11:29.434 [Thread-6] INFO  o.s.b.a.mongo.embedded.EmbeddedMongo - 2017-05-12T00:11:29.433+0530 I CONTROL  [initandlisten] allocator: system
00:11:29.434 [Thread-6] INFO  o.s.b.a.mongo.embedded.EmbeddedMongo - 2017-05-12T00:11:29.433+0530 I CONTROL  [initandlisten] modules: none
00:11:29.434 [Thread-6] INFO  o.s.b.a.mongo.embedded.EmbeddedMongo - 2017-05-12T00:11:29.433+0530 I CONTROL  [initandlisten] build environment:
00:11:29.434 [Thread-6] INFO  o.s.b.a.mongo.embedded.EmbeddedMongo - 2017-05-12T00:11:29.433+0530 I CONTROL  [initandlisten]     distarch: x86_64
00:11:29.434 [Thread-6] INFO  o.s.b.a.mongo.embedded.EmbeddedMongo - 2017-05-12T00:11:29.433+0530 I CONTROL  [initandlisten]     target_arch: x86_64
00:11:29.434 [Thread-6] INFO  o.s.b.a.mongo.embedded.EmbeddedMongo - 2017-05-12T00:11:29.433+0530 I CONTROL  [initandlisten] options: { net: { bindIp: "127.0.0.1", http: { enabled: false }, port: 50066 }, security: { authorization: "disabled" }, storage: { dbPath: "/var/folders/kj/5wc1w9813_lclw9mbsb759v4_4qjh7/T/embedmongo-db-ac733494-849b-4776-8e48-0ffa5ad932a3", journal: { enabled: false }, mmapv1: { preallocDataFiles: false, smallFiles: true }, syncPeriodSecs: 0.0 } }
00:11:29.436 [Thread-6] INFO  o.s.b.a.mongo.embedded.EmbeddedMongo - 2017-05-12T00:11:29.436+0530 I STORAGE  [initandlisten] wiredtiger_open config: create,cache_size=4G,session_max=20000,eviction=(threads_max=4),config_base=false,statistics=(fast),log=(enabled=true,archive=true,path=journal,compressor=snappy),file_manager=(close_idle_time=100000),checkpoint=(wait=0,log_size=2GB),statistics_log=(wait=0),,log=(enabled=false),
00:11:29.672 [Thread-6] INFO  o.s.b.a.mongo.embedded.EmbeddedMongo - 2017-05-12T00:11:29.671+0530 W STORAGE  [initandlisten] Detected configuration for non-active storage engine mmapv1 when current storage engine is wiredTiger
00:11:29.672 [Thread-6] INFO  o.s.b.a.mongo.embedded.EmbeddedMongo - 2017-05-12T00:11:29.672+0530 I NETWORK  [HostnameCanonicalizationWorker] Starting hostname canonicalization worker
00:11:29.673 [Thread-6] INFO  o.s.b.a.mongo.embedded.EmbeddedMongo - 2017-05-12T00:11:29.672+0530 I FTDC     [initandlisten] Initializing full-time diagnostic data capture with directory '/var/folders/kj/5wc1w9813_lclw9mbsb759v4_4qjh7/T/embedmongo-db-ac733494-849b-4776-8e48-0ffa5ad932a3/diagnostic.data'
00:11:29.781 [Thread-6] INFO  o.s.b.a.mongo.embedded.EmbeddedMongo - 2017-05-12T00:11:29.781+0530 I NETWORK  [initandlisten] waiting for connections on port 50066
00:11:29.782 [main] INFO  d.f.embed.process.runtime.Executable - start de.flapdoodle.embed.mongo.config.MongodConfigBuilder$ImmutableMongodConfig@5bca7664
00:11:30.130 [main] INFO  org.mongodb.driver.cluster - Cluster created with settings {hosts=[localhost:50066], mode=MULTIPLE, requiredClusterType=UNKNOWN, serverSelectionTimeout='30000 ms', maxWaitQueueSize=500}
00:11:30.130 [main] INFO  org.mongodb.driver.cluster - Adding discovered server localhost:50066 to client view of cluster
00:11:30.193 [Thread-6] INFO  o.s.b.a.mongo.embedded.EmbeddedMongo - 2017-05-12T00:11:30.193+0530 I NETWORK  [initandlisten] connection accepted from 127.0.0.1:50067 #1 (1 connection now open)
00:11:30.225 [cluster-ClusterId{value='5914b05a762c1d1b5e751949', description='null'}-localhost:50066] INFO  org.mongodb.driver.connection - Opened connection [connectionId{localValue:1, serverValue:1}] to localhost:50066
00:11:30.227 [cluster-ClusterId{value='5914b05a762c1d1b5e751949', description='null'}-localhost:50066] INFO  org.mongodb.driver.cluster - Monitor thread successfully connected to server with description ServerDescription{address=localhost:50066, type=STANDALONE, state=CONNECTED, ok=true, version=ServerVersion{versionList=[3, 2, 2]}, minWireVersion=0, maxWireVersion=4, maxDocumentSize=16777216, roundTripTimeNanos=855452}
00:11:30.229 [cluster-ClusterId{value='5914b05a762c1d1b5e751949', description='null'}-localhost:50066] INFO  org.mongodb.driver.cluster - Discovered cluster type of STANDALONE
00:11:32.111 [main] INFO  o.s.w.s.m.m.a.RequestMappingHandlerAdapter - Looking for @ControllerAdvice: org.springframework.web.context.support.GenericWebApplicationContext@7ef82753: startup date [Fri May 12 00:11:26 IST 2017]; root of context hierarchy
00:11:32.264 [main] INFO  o.s.w.s.m.m.a.RequestMappingHandlerMapping - Mapped "{[/registerFirm],methods=[POST]}" onto public com.goveca.dto.ClientResponse com.goveca.controller.AccountController.insertNewClient(com.goveca.dto.Account) throws com.goveca.Exception.EmailExistsException
00:11:32.270 [main] INFO  o.s.w.s.m.m.a.RequestMappingHandlerMapping - Mapped "{[/error]}" onto public org.springframework.http.ResponseEntity<java.util.Map<java.lang.String, java.lang.Object>> org.springframework.boot.autoconfigure.web.BasicErrorController.error(javax.servlet.http.HttpServletRequest)
00:11:32.271 [main] INFO  o.s.w.s.m.m.a.RequestMappingHandlerMapping - Mapped "{[/error],produces=[text/html]}" onto public org.springframework.web.servlet.ModelAndView org.springframework.boot.autoconfigure.web.BasicErrorController.errorHtml(javax.servlet.http.HttpServletRequest,javax.servlet.http.HttpServletResponse)
00:11:32.342 [main] INFO  o.s.w.s.h.SimpleUrlHandlerMapping - Mapped URL path [/webjars/**] onto handler of type [class org.springframework.web.servlet.resource.ResourceHttpRequestHandler]
00:11:32.342 [main] INFO  o.s.w.s.h.SimpleUrlHandlerMapping - Mapped URL path [/**] onto handler of type [class org.springframework.web.servlet.resource.ResourceHttpRequestHandler]
00:11:32.410 [main] INFO  o.s.w.s.h.SimpleUrlHandlerMapping - Mapped URL path [/**/favicon.ico] onto handler of type [class org.springframework.web.servlet.resource.ResourceHttpRequestHandler]
00:11:33.483 [main] INFO  o.s.b.a.e.mvc.EndpointHandlerMapping - Mapped "{[/health || /health.json],methods=[GET],produces=[application/vnd.spring-boot.actuator.v1+json || application/json]}" onto public java.lang.Object org.springframework.boot.actuate.endpoint.mvc.HealthMvcEndpoint.invoke(javax.servlet.http.HttpServletRequest,java.security.Principal)
00:11:33.485 [main] INFO  o.s.b.a.e.mvc.EndpointHandlerMapping - Mapped "{[/info || /info.json],methods=[GET],produces=[application/vnd.spring-boot.actuator.v1+json || application/json]}" onto public java.lang.Object org.springframework.boot.actuate.endpoint.mvc.EndpointMvcAdapter.invoke()
00:11:33.486 [main] INFO  o.s.b.a.e.mvc.EndpointHandlerMapping - Mapped "{[/beans || /beans.json],methods=[GET],produces=[application/vnd.spring-boot.actuator.v1+json || application/json]}" onto public java.lang.Object org.springframework.boot.actuate.endpoint.mvc.EndpointMvcAdapter.invoke()
00:11:33.487 [main] INFO  o.s.b.a.e.mvc.EndpointHandlerMapping - Mapped "{[/env/{name:.*}],methods=[GET],produces=[application/vnd.spring-boot.actuator.v1+json || application/json]}" onto public java.lang.Object org.springframework.boot.actuate.endpoint.mvc.EnvironmentMvcEndpoint.value(java.lang.String)
00:11:33.487 [main] INFO  o.s.b.a.e.mvc.EndpointHandlerMapping - Mapped "{[/env || /env.json],methods=[GET],produces=[application/vnd.spring-boot.actuator.v1+json || application/json]}" onto public java.lang.Object org.springframework.boot.actuate.endpoint.mvc.EndpointMvcAdapter.invoke()
00:11:33.489 [main] INFO  o.s.b.a.e.mvc.EndpointHandlerMapping - Mapped "{[/heapdump || /heapdump.json],methods=[GET],produces=[application/octet-stream]}" onto public void org.springframework.boot.actuate.endpoint.mvc.HeapdumpMvcEndpoint.invoke(boolean,javax.servlet.http.HttpServletRequest,javax.servlet.http.HttpServletResponse) throws java.io.IOException,javax.servlet.ServletException
00:11:33.491 [main] INFO  o.s.b.a.e.mvc.EndpointHandlerMapping - Mapped "{[/auditevents || /auditevents.json],methods=[GET],produces=[application/vnd.spring-boot.actuator.v1+json || application/json]}" onto public org.springframework.http.ResponseEntity<?> org.springframework.boot.actuate.endpoint.mvc.AuditEventsMvcEndpoint.findByPrincipalAndAfterAndType(java.lang.String,java.util.Date,java.lang.String)
00:11:33.492 [main] INFO  o.s.b.a.e.mvc.EndpointHandlerMapping - Mapped "{[/dump || /dump.json],methods=[GET],produces=[application/vnd.spring-boot.actuator.v1+json || application/json]}" onto public java.lang.Object org.springframework.boot.actuate.endpoint.mvc.EndpointMvcAdapter.invoke()
00:11:33.495 [main] INFO  o.s.b.a.e.mvc.EndpointHandlerMapping - Mapped "{[/metrics/{name:.*}],methods=[GET],produces=[application/vnd.spring-boot.actuator.v1+json || application/json]}" onto public java.lang.Object org.springframework.boot.actuate.endpoint.mvc.MetricsMvcEndpoint.value(java.lang.String)
00:11:33.506 [main] INFO  o.s.b.a.e.mvc.EndpointHandlerMapping - Mapped "{[/metrics || /metrics.json],methods=[GET],produces=[application/vnd.spring-boot.actuator.v1+json || application/json]}" onto public java.lang.Object org.springframework.boot.actuate.endpoint.mvc.EndpointMvcAdapter.invoke()
00:11:33.509 [main] INFO  o.s.b.a.e.mvc.EndpointHandlerMapping - Mapped "{[/autoconfig || /autoconfig.json],methods=[GET],produces=[application/vnd.spring-boot.actuator.v1+json || application/json]}" onto public java.lang.Object org.springframework.boot.actuate.endpoint.mvc.EndpointMvcAdapter.invoke()
00:11:33.525 [main] INFO  o.s.b.a.e.mvc.EndpointHandlerMapping - Mapped "{[/mappings || /mappings.json],methods=[GET],produces=[application/vnd.spring-boot.actuator.v1+json || application/json]}" onto public java.lang.Object org.springframework.boot.actuate.endpoint.mvc.EndpointMvcAdapter.invoke()
00:11:33.526 [main] INFO  o.s.b.a.e.mvc.EndpointHandlerMapping - Mapped "{[/trace || /trace.json],methods=[GET],produces=[application/vnd.spring-boot.actuator.v1+json || application/json]}" onto public java.lang.Object org.springframework.boot.actuate.endpoint.mvc.EndpointMvcAdapter.invoke()
00:11:33.529 [main] INFO  o.s.b.a.e.mvc.EndpointHandlerMapping - Mapped "{[/loggers/{name:.*}],methods=[GET],produces=[application/vnd.spring-boot.actuator.v1+json || application/json]}" onto public java.lang.Object org.springframework.boot.actuate.endpoint.mvc.LoggersMvcEndpoint.get(java.lang.String)
00:11:33.530 [main] INFO  o.s.b.a.e.mvc.EndpointHandlerMapping - Mapped "{[/loggers/{name:.*}],methods=[POST],consumes=[application/vnd.spring-boot.actuator.v1+json || application/json],produces=[application/vnd.spring-boot.actuator.v1+json || application/json]}" onto public java.lang.Object org.springframework.boot.actuate.endpoint.mvc.LoggersMvcEndpoint.set(java.lang.String,java.util.Map<java.lang.String, java.lang.String>)
00:11:33.530 [main] INFO  o.s.b.a.e.mvc.EndpointHandlerMapping - Mapped "{[/loggers || /loggers.json],methods=[GET],produces=[application/vnd.spring-boot.actuator.v1+json || application/json]}" onto public java.lang.Object org.springframework.boot.actuate.endpoint.mvc.EndpointMvcAdapter.invoke()
00:11:33.531 [main] INFO  o.s.b.a.e.mvc.EndpointHandlerMapping - Mapped "{[/configprops || /configprops.json],methods=[GET],produces=[application/vnd.spring-boot.actuator.v1+json || application/json]}" onto public java.lang.Object org.springframework.boot.actuate.endpoint.mvc.EndpointMvcAdapter.invoke()
00:11:33.930 [main] INFO  com.goveca.DemoApplicationTests - Started DemoApplicationTests in 8.525 seconds (JVM running for 9.549)
00:11:33.930 [main] INFO  com.goveca.DemoApplicationTests - Started DemoApplicationTests in 8.525 seconds (JVM running for 9.549)
00:11:34.083 [Thread-6] INFO  o.s.b.a.mongo.embedded.EmbeddedMongo - 2017-05-12T00:11:34.082+0530 I NETWORK  [initandlisten] connection accepted from 127.0.0.1:50068 #2 (2 connections now open)
00:11:34.083 [Thread-6] INFO  o.s.b.a.mongo.embedded.EmbeddedMongo - 2017-05-12T00:11:34.083+0530 I COMMAND  [conn2] terminating, shutdown command received
00:11:34.083 [Thread-6] INFO  o.s.b.a.mongo.embedded.EmbeddedMongo - 2017-05-12T00:11:34.083+0530 I FTDC     [conn2] Shutting down full-time diagnostic data capture
00:11:34.084 [Thread-6] INFO  o.s.b.a.mongo.embedded.EmbeddedMongo - 2017-05-12T00:11:34.084+0530 I CONTROL  [conn2] now exiting
00:11:34.085 [Thread-6] INFO  o.s.b.a.mongo.embedded.EmbeddedMongo - 2017-05-12T00:11:34.084+0530 I NETWORK  [conn2] shutdown: going to close listening sockets...
00:11:34.085 [Thread-6] INFO  o.s.b.a.mongo.embedded.EmbeddedMongo - 2017-05-12T00:11:34.084+0530 I NETWORK  [conn2] closing listening socket: 5
00:11:34.085 [Thread-6] INFO  o.s.b.a.mongo.embedded.EmbeddedMongo - 2017-05-12T00:11:34.084+0530 I NETWORK  [conn2] closing listening socket: 6
00:11:34.085 [Thread-6] INFO  o.s.b.a.mongo.embedded.EmbeddedMongo - 2017-05-12T00:11:34.084+0530 I NETWORK  [conn2] removing socket file: /tmp/mongodb-50066.sock
00:11:34.085 [Thread-6] INFO  o.s.b.a.mongo.embedded.EmbeddedMongo - 2017-05-12T00:11:34.085+0530 I NETWORK  [conn2] shutdown: going to flush diaglog...
00:11:34.085 [Thread-6] INFO  o.s.b.a.mongo.embedded.EmbeddedMongo - 2017-05-12T00:11:34.085+0530 I NETWORK  [conn2] shutdown: going to close sockets...
00:11:34.085 [Thread-6] INFO  o.s.b.a.mongo.embedded.EmbeddedMongo - 2017-05-12T00:11:34.085+0530 I NETWORK  [conn1] end connection 127.0.0.1:50067 (1 connection now open)
00:11:34.088 [Thread-8] INFO  o.s.w.c.s.GenericWebApplicationContext - Closing org.springframework.web.context.support.GenericWebApplicationContext@7ef82753: startup date [Fri May 12 00:11:26 IST 2017]; root of context hierarchy
00:11:34.095 [Thread-6] INFO  o.s.b.a.mongo.embedded.EmbeddedMongo - 2017-05-12T00:11:34.095+0530 I STORAGE  [conn2] WiredTigerKVEngine shutting down
00:11:34.186 [Thread-5] INFO  d.f.e.process.runtime.ProcessControl - stopOrDestroyProcess: process hasn't exited 
00:11:34.212 [Thread-6] INFO  o.s.b.a.mongo.embedded.EmbeddedMongo - 2017-05-12T00:11:34.211+0530 I STORAGE  [conn2] shutdown: removing fs lock...
00:11:34.213 [Thread-6] INFO  o.s.b.a.mongo.embedded.EmbeddedMongo - 2017-05-12T00:11:34.212+0530 I CONTROL  [conn2] dbexit:  rc: 0
