23:29:18.009 [main] INFO  com.goveca.DemoApplicationTests - Starting DemoApplicationTests on CTPLLT037.local with PID 72491 (started by abhishek.patyal in /Users/abhishek.patyal/cointribe/work/demo)
23:29:18.009 [main] INFO  com.goveca.DemoApplicationTests - Starting DemoApplicationTests on CTPLLT037.local with PID 72491 (started by abhishek.patyal in /Users/abhishek.patyal/cointribe/work/demo)
23:29:18.017 [main] INFO  com.goveca.DemoApplicationTests - No active profile set, falling back to default profiles: default
23:29:18.017 [main] INFO  com.goveca.DemoApplicationTests - No active profile set, falling back to default profiles: default
23:29:18.095 [main] INFO  o.s.w.c.s.GenericWebApplicationContext - Refreshing org.springframework.web.context.support.GenericWebApplicationContext@7ef82753: startup date [Thu May 11 23:29:18 IST 2017]; root of context hierarchy
23:29:18.506 [background-preinit] INFO  o.h.validator.internal.util.Version - HV000001: Hibernate Validator 5.3.5.Final
23:29:19.254 [main] INFO  o.s.b.f.s.DefaultListableBeanFactory - Overriding bean definition for bean 'mongo' with a different definition: replacing [Root bean: class [null]; scope=; abstract=false; lazyInit=false; autowireMode=3; dependencyCheck=0; autowireCandidate=true; primary=false; factoryBeanName=mongoConfig; factoryMethodName=mongo; initMethodName=null; destroyMethodName=(inferred); defined in class path resource [com/goveca/configuration/MongoConfig.class]] with [Root bean: class [null]; scope=; abstract=false; lazyInit=false; autowireMode=3; dependencyCheck=0; autowireCandidate=true; primary=false; factoryBeanName=org.springframework.boot.autoconfigure.mongo.MongoAutoConfiguration; factoryMethodName=mongo; initMethodName=null; destroyMethodName=(inferred); defined in class path resource [org/springframework/boot/autoconfigure/mongo/MongoAutoConfiguration.class]]
23:29:20.867 [Thread-6] INFO  o.s.b.a.mongo.embedded.EmbeddedMongo - note: noprealloc may hurt performance in many applications
23:29:20.890 [Thread-6] INFO  o.s.b.a.mongo.embedded.EmbeddedMongo - 2017-05-11T23:29:20.889+0530 I CONTROL  [initandlisten] MongoDB starting : pid=72492 port=49259 dbpath=/var/folders/kj/5wc1w9813_lclw9mbsb759v4_4qjh7/T/embedmongo-db-08d9aed1-0f4d-42a1-bc66-c484ba367ea4 64-bit host=CTPLLT037.local
23:29:20.891 [Thread-6] INFO  o.s.b.a.mongo.embedded.EmbeddedMongo - 2017-05-11T23:29:20.890+0530 I CONTROL  [initandlisten] db version v3.2.2
23:29:20.891 [Thread-6] INFO  o.s.b.a.mongo.embedded.EmbeddedMongo - 2017-05-11T23:29:20.890+0530 I CONTROL  [initandlisten] git version: 6e71d0d568e134c029203593b00a0103e7cdf30b
23:29:20.891 [Thread-6] INFO  o.s.b.a.mongo.embedded.EmbeddedMongo - 2017-05-11T23:29:20.890+0530 I CONTROL  [initandlisten] allocator: system
23:29:20.891 [Thread-6] INFO  o.s.b.a.mongo.embedded.EmbeddedMongo - 2017-05-11T23:29:20.890+0530 I CONTROL  [initandlisten] modules: none
23:29:20.891 [Thread-6] INFO  o.s.b.a.mongo.embedded.EmbeddedMongo - 2017-05-11T23:29:20.890+0530 I CONTROL  [initandlisten] build environment:
23:29:20.891 [Thread-6] INFO  o.s.b.a.mongo.embedded.EmbeddedMongo - 2017-05-11T23:29:20.890+0530 I CONTROL  [initandlisten]     distarch: x86_64
23:29:20.892 [Thread-6] INFO  o.s.b.a.mongo.embedded.EmbeddedMongo - 2017-05-11T23:29:20.890+0530 I CONTROL  [initandlisten]     target_arch: x86_64
23:29:20.892 [Thread-6] INFO  o.s.b.a.mongo.embedded.EmbeddedMongo - 2017-05-11T23:29:20.890+0530 I CONTROL  [initandlisten] options: { net: { bindIp: "127.0.0.1", http: { enabled: false }, port: 49259 }, security: { authorization: "disabled" }, storage: { dbPath: "/var/folders/kj/5wc1w9813_lclw9mbsb759v4_4qjh7/T/embedmongo-db-08d9aed1-0f4d-42a1-bc66-c484ba367ea4", journal: { enabled: false }, mmapv1: { preallocDataFiles: false, smallFiles: true }, syncPeriodSecs: 0.0 } }
23:29:20.893 [Thread-6] INFO  o.s.b.a.mongo.embedded.EmbeddedMongo - 2017-05-11T23:29:20.893+0530 I STORAGE  [initandlisten] wiredtiger_open config: create,cache_size=4G,session_max=20000,eviction=(threads_max=4),config_base=false,statistics=(fast),log=(enabled=true,archive=true,path=journal,compressor=snappy),file_manager=(close_idle_time=100000),checkpoint=(wait=0,log_size=2GB),statistics_log=(wait=0),,log=(enabled=false),
23:29:21.162 [Thread-6] INFO  o.s.b.a.mongo.embedded.EmbeddedMongo - 2017-05-11T23:29:21.161+0530 W STORAGE  [initandlisten] Detected configuration for non-active storage engine mmapv1 when current storage engine is wiredTiger
23:29:21.165 [Thread-6] INFO  o.s.b.a.mongo.embedded.EmbeddedMongo - 2017-05-11T23:29:21.165+0530 I FTDC     [initandlisten] Initializing full-time diagnostic data capture with directory '/var/folders/kj/5wc1w9813_lclw9mbsb759v4_4qjh7/T/embedmongo-db-08d9aed1-0f4d-42a1-bc66-c484ba367ea4/diagnostic.data'
23:29:21.165 [Thread-6] INFO  o.s.b.a.mongo.embedded.EmbeddedMongo - 2017-05-11T23:29:21.165+0530 I NETWORK  [HostnameCanonicalizationWorker] Starting hostname canonicalization worker
23:29:21.282 [Thread-6] INFO  o.s.b.a.mongo.embedded.EmbeddedMongo - 2017-05-11T23:29:21.282+0530 I NETWORK  [initandlisten] waiting for connections on port 49259
23:29:21.283 [main] INFO  d.f.embed.process.runtime.Executable - start de.flapdoodle.embed.mongo.config.MongodConfigBuilder$ImmutableMongodConfig@6dcd5639
23:29:21.584 [main] INFO  org.mongodb.driver.cluster - Cluster created with settings {hosts=[localhost:49259], mode=MULTIPLE, requiredClusterType=UNKNOWN, serverSelectionTimeout='30000 ms', maxWaitQueueSize=500}
23:29:21.585 [main] INFO  org.mongodb.driver.cluster - Adding discovered server localhost:49259 to client view of cluster
23:29:21.633 [Thread-6] INFO  o.s.b.a.mongo.embedded.EmbeddedMongo - 2017-05-11T23:29:21.633+0530 I NETWORK  [initandlisten] connection accepted from 127.0.0.1:49260 #1 (1 connection now open)
23:29:21.666 [cluster-ClusterId{value='5914a679762c1d1b2bb10b09', description='null'}-localhost:49259] INFO  org.mongodb.driver.connection - Opened connection [connectionId{localValue:1, serverValue:1}] to localhost:49259
23:29:21.668 [cluster-ClusterId{value='5914a679762c1d1b2bb10b09', description='null'}-localhost:49259] INFO  org.mongodb.driver.cluster - Monitor thread successfully connected to server with description ServerDescription{address=localhost:49259, type=STANDALONE, state=CONNECTED, ok=true, version=ServerVersion{versionList=[3, 2, 2]}, minWireVersion=0, maxWireVersion=4, maxDocumentSize=16777216, roundTripTimeNanos=767064}
23:29:21.670 [cluster-ClusterId{value='5914a679762c1d1b2bb10b09', description='null'}-localhost:49259] INFO  org.mongodb.driver.cluster - Discovered cluster type of STANDALONE
23:29:22.807 [main] INFO  o.s.w.s.m.m.a.RequestMappingHandlerAdapter - Looking for @ControllerAdvice: org.springframework.web.context.support.GenericWebApplicationContext@7ef82753: startup date [Thu May 11 23:29:18 IST 2017]; root of context hierarchy
23:29:22.926 [main] INFO  o.s.w.s.m.m.a.RequestMappingHandlerMapping - Mapped "{[/registerFirm],methods=[GET]}" onto public com.goveca.dto.ClientResponse com.goveca.controller.AccountController.insertNewClient(com.goveca.dto.Account) throws com.goveca.Exception.EmailExistsException
23:29:22.930 [main] INFO  o.s.w.s.m.m.a.RequestMappingHandlerMapping - Mapped "{[/error]}" onto public org.springframework.http.ResponseEntity<java.util.Map<java.lang.String, java.lang.Object>> org.springframework.boot.autoconfigure.web.BasicErrorController.error(javax.servlet.http.HttpServletRequest)
23:29:22.931 [main] INFO  o.s.w.s.m.m.a.RequestMappingHandlerMapping - Mapped "{[/error],produces=[text/html]}" onto public org.springframework.web.servlet.ModelAndView org.springframework.boot.autoconfigure.web.BasicErrorController.errorHtml(javax.servlet.http.HttpServletRequest,javax.servlet.http.HttpServletResponse)
23:29:22.982 [main] INFO  o.s.w.s.h.SimpleUrlHandlerMapping - Mapped URL path [/webjars/**] onto handler of type [class org.springframework.web.servlet.resource.ResourceHttpRequestHandler]
23:29:22.982 [main] INFO  o.s.w.s.h.SimpleUrlHandlerMapping - Mapped URL path [/**] onto handler of type [class org.springframework.web.servlet.resource.ResourceHttpRequestHandler]
23:29:23.084 [main] INFO  o.s.w.s.h.SimpleUrlHandlerMapping - Mapped URL path [/**/favicon.ico] onto handler of type [class org.springframework.web.servlet.resource.ResourceHttpRequestHandler]
23:29:23.557 [main] INFO  o.s.b.a.e.mvc.EndpointHandlerMapping - Mapped "{[/loggers/{name:.*}],methods=[GET],produces=[application/vnd.spring-boot.actuator.v1+json || application/json]}" onto public java.lang.Object org.springframework.boot.actuate.endpoint.mvc.LoggersMvcEndpoint.get(java.lang.String)
23:29:23.558 [main] INFO  o.s.b.a.e.mvc.EndpointHandlerMapping - Mapped "{[/loggers/{name:.*}],methods=[POST],consumes=[application/vnd.spring-boot.actuator.v1+json || application/json],produces=[application/vnd.spring-boot.actuator.v1+json || application/json]}" onto public java.lang.Object org.springframework.boot.actuate.endpoint.mvc.LoggersMvcEndpoint.set(java.lang.String,java.util.Map<java.lang.String, java.lang.String>)
23:29:23.558 [main] INFO  o.s.b.a.e.mvc.EndpointHandlerMapping - Mapped "{[/loggers || /loggers.json],methods=[GET],produces=[application/vnd.spring-boot.actuator.v1+json || application/json]}" onto public java.lang.Object org.springframework.boot.actuate.endpoint.mvc.EndpointMvcAdapter.invoke()
23:29:23.559 [main] INFO  o.s.b.a.e.mvc.EndpointHandlerMapping - Mapped "{[/beans || /beans.json],methods=[GET],produces=[application/vnd.spring-boot.actuator.v1+json || application/json]}" onto public java.lang.Object org.springframework.boot.actuate.endpoint.mvc.EndpointMvcAdapter.invoke()
23:29:23.560 [main] INFO  o.s.b.a.e.mvc.EndpointHandlerMapping - Mapped "{[/info || /info.json],methods=[GET],produces=[application/vnd.spring-boot.actuator.v1+json || application/json]}" onto public java.lang.Object org.springframework.boot.actuate.endpoint.mvc.EndpointMvcAdapter.invoke()
23:29:23.561 [main] INFO  o.s.b.a.e.mvc.EndpointHandlerMapping - Mapped "{[/health || /health.json],methods=[GET],produces=[application/vnd.spring-boot.actuator.v1+json || application/json]}" onto public java.lang.Object org.springframework.boot.actuate.endpoint.mvc.HealthMvcEndpoint.invoke(javax.servlet.http.HttpServletRequest,java.security.Principal)
23:29:23.563 [main] INFO  o.s.b.a.e.mvc.EndpointHandlerMapping - Mapped "{[/metrics/{name:.*}],methods=[GET],produces=[application/vnd.spring-boot.actuator.v1+json || application/json]}" onto public java.lang.Object org.springframework.boot.actuate.endpoint.mvc.MetricsMvcEndpoint.value(java.lang.String)
23:29:23.563 [main] INFO  o.s.b.a.e.mvc.EndpointHandlerMapping - Mapped "{[/metrics || /metrics.json],methods=[GET],produces=[application/vnd.spring-boot.actuator.v1+json || application/json]}" onto public java.lang.Object org.springframework.boot.actuate.endpoint.mvc.EndpointMvcAdapter.invoke()
23:29:23.567 [main] INFO  o.s.b.a.e.mvc.EndpointHandlerMapping - Mapped "{[/env/{name:.*}],methods=[GET],produces=[application/vnd.spring-boot.actuator.v1+json || application/json]}" onto public java.lang.Object org.springframework.boot.actuate.endpoint.mvc.EnvironmentMvcEndpoint.value(java.lang.String)
23:29:23.567 [main] INFO  o.s.b.a.e.mvc.EndpointHandlerMapping - Mapped "{[/env || /env.json],methods=[GET],produces=[application/vnd.spring-boot.actuator.v1+json || application/json]}" onto public java.lang.Object org.springframework.boot.actuate.endpoint.mvc.EndpointMvcAdapter.invoke()
23:29:23.568 [main] INFO  o.s.b.a.e.mvc.EndpointHandlerMapping - Mapped "{[/configprops || /configprops.json],methods=[GET],produces=[application/vnd.spring-boot.actuator.v1+json || application/json]}" onto public java.lang.Object org.springframework.boot.actuate.endpoint.mvc.EndpointMvcAdapter.invoke()
23:29:23.569 [main] INFO  o.s.b.a.e.mvc.EndpointHandlerMapping - Mapped "{[/dump || /dump.json],methods=[GET],produces=[application/vnd.spring-boot.actuator.v1+json || application/json]}" onto public java.lang.Object org.springframework.boot.actuate.endpoint.mvc.EndpointMvcAdapter.invoke()
23:29:23.570 [main] INFO  o.s.b.a.e.mvc.EndpointHandlerMapping - Mapped "{[/heapdump || /heapdump.json],methods=[GET],produces=[application/octet-stream]}" onto public void org.springframework.boot.actuate.endpoint.mvc.HeapdumpMvcEndpoint.invoke(boolean,javax.servlet.http.HttpServletRequest,javax.servlet.http.HttpServletResponse) throws java.io.IOException,javax.servlet.ServletException
23:29:23.571 [main] INFO  o.s.b.a.e.mvc.EndpointHandlerMapping - Mapped "{[/mappings || /mappings.json],methods=[GET],produces=[application/vnd.spring-boot.actuator.v1+json || application/json]}" onto public java.lang.Object org.springframework.boot.actuate.endpoint.mvc.EndpointMvcAdapter.invoke()
23:29:23.573 [main] INFO  o.s.b.a.e.mvc.EndpointHandlerMapping - Mapped "{[/auditevents || /auditevents.json],methods=[GET],produces=[application/vnd.spring-boot.actuator.v1+json || application/json]}" onto public org.springframework.http.ResponseEntity<?> org.springframework.boot.actuate.endpoint.mvc.AuditEventsMvcEndpoint.findByPrincipalAndAfterAndType(java.lang.String,java.util.Date,java.lang.String)
23:29:23.573 [main] INFO  o.s.b.a.e.mvc.EndpointHandlerMapping - Mapped "{[/trace || /trace.json],methods=[GET],produces=[application/vnd.spring-boot.actuator.v1+json || application/json]}" onto public java.lang.Object org.springframework.boot.actuate.endpoint.mvc.EndpointMvcAdapter.invoke()
23:29:23.574 [main] INFO  o.s.b.a.e.mvc.EndpointHandlerMapping - Mapped "{[/autoconfig || /autoconfig.json],methods=[GET],produces=[application/vnd.spring-boot.actuator.v1+json || application/json]}" onto public java.lang.Object org.springframework.boot.actuate.endpoint.mvc.EndpointMvcAdapter.invoke()
23:29:23.878 [main] INFO  com.goveca.DemoApplicationTests - Started DemoApplicationTests in 6.689 seconds (JVM running for 7.862)
23:29:23.878 [main] INFO  com.goveca.DemoApplicationTests - Started DemoApplicationTests in 6.689 seconds (JVM running for 7.862)
23:29:23.970 [Thread-6] INFO  o.s.b.a.mongo.embedded.EmbeddedMongo - 2017-05-11T23:29:23.970+0530 I NETWORK  [initandlisten] connection accepted from 127.0.0.1:49261 #2 (2 connections now open)
23:29:23.970 [Thread-6] INFO  o.s.b.a.mongo.embedded.EmbeddedMongo - 2017-05-11T23:29:23.970+0530 I COMMAND  [conn2] terminating, shutdown command received
23:29:23.971 [Thread-6] INFO  o.s.b.a.mongo.embedded.EmbeddedMongo - 2017-05-11T23:29:23.970+0530 I FTDC     [conn2] Shutting down full-time diagnostic data capture
23:29:23.972 [Thread-6] INFO  o.s.b.a.mongo.embedded.EmbeddedMongo - 2017-05-11T23:29:23.972+0530 I CONTROL  [conn2] now exiting
23:29:23.972 [Thread-6] INFO  o.s.b.a.mongo.embedded.EmbeddedMongo - 2017-05-11T23:29:23.972+0530 I NETWORK  [conn2] shutdown: going to close listening sockets...
23:29:23.972 [Thread-6] INFO  o.s.b.a.mongo.embedded.EmbeddedMongo - 2017-05-11T23:29:23.972+0530 I NETWORK  [conn2] closing listening socket: 5
23:29:23.972 [Thread-6] INFO  o.s.b.a.mongo.embedded.EmbeddedMongo - 2017-05-11T23:29:23.972+0530 I NETWORK  [conn2] closing listening socket: 6
23:29:23.972 [Thread-6] INFO  o.s.b.a.mongo.embedded.EmbeddedMongo - 2017-05-11T23:29:23.972+0530 I NETWORK  [conn2] removing socket file: /tmp/mongodb-49259.sock
23:29:23.973 [Thread-6] INFO  o.s.b.a.mongo.embedded.EmbeddedMongo - 2017-05-11T23:29:23.972+0530 I NETWORK  [conn2] shutdown: going to flush diaglog...
23:29:23.973 [Thread-6] INFO  o.s.b.a.mongo.embedded.EmbeddedMongo - 2017-05-11T23:29:23.972+0530 I NETWORK  [conn2] shutdown: going to close sockets...
23:29:23.973 [Thread-6] INFO  o.s.b.a.mongo.embedded.EmbeddedMongo - 2017-05-11T23:29:23.972+0530 I NETWORK  [conn1] end connection 127.0.0.1:49260 (1 connection now open)
23:29:23.973 [Thread-8] INFO  o.s.w.c.s.GenericWebApplicationContext - Closing org.springframework.web.context.support.GenericWebApplicationContext@7ef82753: startup date [Thu May 11 23:29:18 IST 2017]; root of context hierarchy
23:29:23.976 [Thread-6] INFO  o.s.b.a.mongo.embedded.EmbeddedMongo - 2017-05-11T23:29:23.976+0530 I STORAGE  [conn2] WiredTigerKVEngine shutting down
23:29:24.074 [Thread-4] INFO  d.f.e.process.runtime.ProcessControl - stopOrDestroyProcess: process hasn't exited 
23:29:24.079 [Thread-6] INFO  o.s.b.a.mongo.embedded.EmbeddedMongo - 2017-05-11T23:29:24.079+0530 I STORAGE  [conn2] shutdown: removing fs lock...
23:29:24.080 [Thread-6] INFO  o.s.b.a.mongo.embedded.EmbeddedMongo - 2017-05-11T23:29:24.079+0530 I CONTROL  [conn2] dbexit:  rc: 0
